TN:
SF:src\components\App\App.tsx
FN:13,App
FN:68,mapStateToProps
FNF:2
FNH:1
FNDA:4,App
FNDA:0,mapStateToProps
DA:1,1
DA:2,1
DA:3,1
DA:5,1
DA:7,1
DA:8,1
DA:9,1
DA:11,1
DA:13,1
DA:19,4
DA:20,4
DA:23,4
DA:27,4
DA:68,1
DA:76,1
DA:78,1
LF:16
LH:16
BRDA:23,0,0,4
BRDA:23,0,1,3
BRDA:23,0,2,2
BRDA:29,1,0,3
BRDA:29,1,1,1
BRF:5
BRH:5
end_of_record
TN:
SF:src\components\App\Footer\Footer.tsx
FN:6,Footer
FNF:1
FNH:1
FNDA:1,Footer
DA:1,1
DA:2,1
DA:4,1
DA:6,1
DA:7,1
LF:5
LH:5
BRF:0
BRH:0
end_of_record
TN:
SF:src\components\App\Header\desktop\Header.tsx
FN:10,Header
FNF:1
FNH:1
FNDA:1,Header
DA:1,1
DA:3,1
DA:4,1
DA:5,1
DA:6,1
DA:7,1
DA:8,1
DA:10,1
DA:11,1
LF:9
LH:9
BRF:0
BRH:0
end_of_record
TN:
SF:src\components\App\Header\desktop\Logo\Logo.tsx
FN:10,Logo
FNF:1
FNH:1
FNDA:1,Logo
DA:1,1
DA:2,1
DA:4,1
DA:5,1
DA:6,1
DA:7,1
DA:8,1
DA:10,1
DA:11,1
LF:9
LH:9
BRDA:16,0,0,1
BRDA:16,0,1,0
BRDA:20,1,0,1
BRDA:20,1,1,0
BRF:4
BRH:2
end_of_record
TN:
SF:src\components\App\Header\desktop\Promo\Promo.tsx
FN:8,Promo
FNF:1
FNH:1
FNDA:1,Promo
DA:1,1
DA:2,1
DA:4,1
DA:6,1
DA:8,1
DA:9,1
LF:6
LH:6
BRF:0
BRH:0
end_of_record
TN:
SF:src\components\App\Header\desktop\Search\Search.tsx
FN:11,Search
FN:20,changeSearchIndex
FN:32,handleSelectAutocomplete
FN:37,handleSubmit
FN:42,redirectToSearchPage
FN:123,mapContextToProps
FN:128,mapStateToProps
FN:133,searchSetIndex
FNF:8
FNH:3
FNDA:1,Search
FNDA:0,changeSearchIndex
FNDA:0,handleSelectAutocomplete
FNDA:0,handleSubmit
FNDA:0,redirectToSearchPage
FNDA:1,mapContextToProps
FNDA:1,mapStateToProps
FNDA:0,searchSetIndex
DA:1,1
DA:2,1
DA:3,1
DA:4,1
DA:6,1
DA:7,1
DA:8,1
DA:9,1
DA:11,1
DA:17,1
DA:18,1
DA:20,1
DA:23,0
DA:27,0
DA:29,0
DA:32,1
DA:33,0
DA:34,0
DA:37,1
DA:38,0
DA:39,0
DA:42,1
DA:43,0
DA:47,1
DA:51,1
DA:52,1
DA:53,1
DA:54,1
DA:56,1
DA:123,2
DA:128,2
DA:132,1
DA:133,0
DA:136,1
DA:138,1
LF:35
LH:26
BRDA:51,0,0,1
BRDA:51,0,1,0
BRDA:52,1,0,0
BRDA:52,1,1,1
BRDA:53,2,0,0
BRDA:53,2,1,1
BRDA:54,3,0,0
BRDA:54,3,1,1
BRF:8
BRH:4
end_of_record
TN:
SF:src\components\App\Header\desktop\Search\views\AutocompleteView.tsx
FN:3,getRaw
FN:8,getSnippet
FN:14,AutocompleteView
FN:33,(anonymous_4)
FNF:4
FNH:0
FNDA:0,getRaw
FNDA:0,getSnippet
FNDA:0,AutocompleteView
FNDA:0,(anonymous_4)
DA:1,1
DA:4,0
DA:5,0
DA:9,0
DA:10,0
DA:14,1
DA:20,0
DA:21,0
DA:22,0
DA:34,0
DA:36,0
DA:37,0
DA:38,0
LF:13
LH:2
BRDA:4,0,0,0
BRDA:4,0,1,0
BRDA:4,1,0,0
BRDA:4,1,1,0
BRDA:9,2,0,0
BRDA:9,2,1,0
BRDA:9,3,0,0
BRDA:9,3,1,0
BRDA:29,4,0,0
BRDA:29,4,1,0
BRDA:29,4,2,0
BRDA:29,4,3,0
BRDA:44,5,0,0
BRDA:44,5,1,0
BRF:14
BRH:0
end_of_record
TN:
SF:src\components\App\Header\desktop\SiteNav\SiteNav.tsx
FN:16,SiteNav
FN:23,handleMouseEnter
FN:30,handleMouseLeave
FN:42,onMouseEnter
FN:55,onMouseEnter
FN:68,onMouseEnter
FN:87,menuShadowHide
FN:88,menuShadowShow
FNF:8
FNH:5
FNDA:6,SiteNav
FNDA:4,handleMouseEnter
FNDA:2,handleMouseLeave
FNDA:2,onMouseEnter
FNDA:2,onMouseEnter
FNDA:0,onMouseEnter
FNDA:0,menuShadowHide
FNDA:0,menuShadowShow
DA:1,2
DA:2,2
DA:3,2
DA:5,2
DA:10,2
DA:11,2
DA:12,2
DA:13,2
DA:14,2
DA:16,2
DA:19,36
DA:20,6
DA:21,6
DA:23,6
DA:24,4
DA:25,2
DA:26,2
DA:27,2
DA:30,6
DA:31,2
DA:32,2
DA:33,2
DA:36,6
DA:42,2
DA:55,2
DA:68,0
DA:86,2
DA:87,0
DA:88,0
DA:91,2
DA:93,2
LF:31
LH:28
BRDA:24,0,0,2
BRDA:24,0,1,2
BRDA:48,1,0,1
BRDA:48,1,1,5
BRDA:47,2,0,6
BRDA:47,2,1,2
BRDA:61,3,0,1
BRDA:61,3,1,5
BRDA:60,4,0,6
BRDA:60,4,1,2
BRDA:74,5,0,0
BRDA:74,5,1,6
BRDA:73,6,0,6
BRDA:73,6,1,2
BRF:14
BRH:13
end_of_record
TN:
SF:src\components\App\Header\desktop\SiteNav\Menu\Menu.tsx
FN:22,offset
FN:31,outerWidth
FN:39,outerHeight
FN:47,getActivateDelay
FN:97,slope
FN:121,Menu
FN:124,(anonymous_12)
FN:127,(anonymous_13)
FN:138,handleMouseEnterRow
FN:143,handleMouseLeaveMenu
FN:147,handleMouseMoveDocument
FN:152,possiblyActivate
FN:156,(anonymous_18)
FN:201,mapStateToProps
FNF:14
FNH:4
FNDA:0,offset
FNDA:0,outerWidth
FNDA:0,outerHeight
FNDA:0,getActivateDelay
FNDA:0,slope
FNDA:3,Menu
FNDA:3,(anonymous_12)
FNDA:2,(anonymous_13)
FNDA:0,handleMouseEnterRow
FNDA:0,handleMouseLeaveMenu
FNDA:0,handleMouseMoveDocument
FNDA:0,possiblyActivate
FNDA:0,(anonymous_18)
FNDA:2,mapStateToProps
DA:1,3
DA:2,3
DA:4,3
DA:14,3
DA:15,3
DA:16,3
DA:19,3
DA:23,0
DA:24,0
DA:25,0
DA:32,0
DA:33,0
DA:34,0
DA:35,0
DA:36,0
DA:40,0
DA:41,0
DA:42,0
DA:43,0
DA:44,0
DA:49,0
DA:50,0
DA:52,0
DA:53,0
DA:54,0
DA:55,0
DA:57,0
DA:61,0
DA:65,0
DA:69,0
DA:74,0
DA:75,0
DA:77,0
DA:78,0
DA:80,0
DA:86,0
DA:89,0
DA:94,0
DA:98,0
DA:101,0
DA:102,0
DA:103,0
DA:104,0
DA:105,0
DA:106,0
DA:108,0
DA:112,0
DA:113,0
DA:116,0
DA:118,0
DA:121,9
DA:122,3
DA:124,3
DA:125,3
DA:127,3
DA:128,2
DA:130,2
DA:132,2
DA:134,2
DA:138,3
DA:139,0
DA:140,0
DA:143,3
DA:144,0
DA:147,3
DA:148,0
DA:149,0
DA:152,3
DA:153,0
DA:155,0
DA:156,0
DA:157,0
DA:159,0
DA:162,0
DA:165,3
DA:201,5
DA:205,3
DA:207,3
LF:78
LH:24
BRDA:23,0,0,0
BRDA:23,0,1,0
BRDA:32,1,0,0
BRDA:32,1,1,0
BRDA:35,2,0,0
BRDA:35,2,1,0
BRDA:40,3,0,0
BRDA:40,3,1,0
BRDA:43,4,0,0
BRDA:43,4,1,0
BRDA:50,5,0,0
BRDA:50,5,1,0
BRDA:55,6,0,0
BRDA:55,6,1,0
BRDA:55,7,0,0
BRDA:55,7,1,0
BRDA:75,8,0,0
BRDA:75,8,1,0
BRDA:78,9,0,0
BRDA:78,9,1,0
BRDA:80,10,0,0
BRDA:80,10,1,0
BRDA:81,11,0,0
BRDA:81,11,1,0
BRDA:81,11,2,0
BRDA:81,11,3,0
BRDA:89,12,0,0
BRDA:89,12,1,0
BRDA:90,13,0,0
BRDA:90,13,1,0
BRDA:90,13,2,0
BRDA:108,14,0,0
BRDA:108,14,1,0
BRDA:109,15,0,0
BRDA:109,15,1,0
BRDA:132,16,0,0
BRDA:132,16,1,2
BRDA:139,17,0,0
BRDA:139,17,1,0
BRDA:144,18,0,0
BRDA:144,18,1,0
BRDA:149,19,0,0
BRDA:149,19,1,0
BRDA:155,20,0,0
BRDA:155,20,1,0
BRF:45
BRH:1
end_of_record
TN:
SF:src\components\App\Header\desktop\SiteNav\Menu\MenuView.tsx
FN:32,MenuView
FN:39,getSubmenuImage
FN:55,(anonymous_3)
FN:63,onMouseEnter
FN:86,(anonymous_5)
FNF:5
FNH:5
FNDA:5,MenuView
FNDA:1,getSubmenuImage
FNDA:26,(anonymous_3)
FNDA:1,onMouseEnter
FNDA:12,(anonymous_5)
DA:1,4
DA:2,4
DA:5,4
DA:7,4
DA:9,4
DA:20,4
DA:32,4
DA:38,5
DA:39,5
DA:40,1
DA:41,0
DA:42,0
DA:43,0
DA:46,5
DA:55,26
DA:63,1
DA:86,12
LF:17
LH:14
BRDA:40,0,0,1
BRDA:40,0,1,0
BRDA:42,1,0,0
BRDA:42,1,1,0
BRDA:58,2,0,26
BRDA:58,2,1,6
BRDA:58,2,2,1
BRDA:73,3,0,5
BRDA:73,3,1,1
BRF:9
BRH:6
end_of_record
TN:
SF:src\components\App\Header\desktop\SiteNav\data\fitnessMenuData.ts
FNF:0
FNH:0
DA:1,2
LF:1
LH:1
BRF:0
BRH:0
end_of_record
TN:
SF:src\components\App\Header\desktop\SiteNav\data\foodMenuData.ts
FNF:0
FNH:0
DA:1,4
LF:1
LH:1
BRF:0
BRH:0
end_of_record
TN:
SF:src\components\App\Header\desktop\SiteNav\data\supplyMenuData.ts
FNF:0
FNH:0
DA:1,2
LF:1
LH:1
BRF:0
BRH:0
end_of_record
TN:
SF:src\components\App\Header\desktop\UserNav\UserNav.tsx
FN:15,UserNav
FN:27,handleLogout
FN:36,onClick
FN:40,onClick
FN:116,mapStateToProps
FN:123,authStaffLogout
FN:124,authUserLogout
FN:125,themeDarkTrigger
FN:126,themeLightTrigger
FNF:9
FNH:5
FNDA:7,UserNav
FNDA:2,handleLogout
FNDA:1,onClick
FNDA:1,onClick
FNDA:1,mapStateToProps
FNDA:0,authStaffLogout
FNDA:0,authUserLogout
FNDA:0,themeDarkTrigger
FNDA:0,themeLightTrigger
DA:1,2
DA:2,2
DA:3,2
DA:5,2
DA:9,2
DA:13,2
DA:15,2
DA:24,7
DA:25,7
DA:27,7
DA:28,2
DA:29,2
DA:30,2
DA:33,7
DA:36,1
DA:40,1
DA:116,3
DA:122,2
DA:123,0
DA:124,0
DA:125,0
DA:126,0
DA:129,2
DA:131,2
LF:24
LH:20
BRDA:28,0,0,1
BRDA:28,0,1,1
BRDA:29,1,0,1
BRDA:29,1,1,1
BRDA:36,2,0,6
BRDA:36,2,1,1
BRDA:47,3,0,7
BRDA:47,3,1,6
BRDA:47,3,2,5
BRDA:59,4,0,7
BRDA:59,4,1,1
BRDA:78,5,0,7
BRDA:78,5,1,1
BRF:13
BRH:13
end_of_record
TN:
SF:src\components\App\Main\Main.tsx
FN:7,(anonymous_1)
FNF:1
FNH:1
FNDA:1,(anonymous_1)
DA:1,1
DA:2,1
DA:4,1
DA:5,1
DA:7,1
DA:11,1
DA:12,1
DA:15,1
DA:19,1
DA:20,1
DA:21,1
DA:22,1
DA:23,1
DA:24,1
DA:25,1
DA:26,1
DA:27,1
DA:28,1
DA:29,1
DA:30,1
DA:31,1
DA:32,1
DA:33,1
DA:34,1
DA:35,1
DA:36,1
DA:38,1
LF:27
LH:27
BRDA:40,0,0,0
BRDA:40,0,1,1
BRDA:43,1,0,1
BRDA:43,1,1,0
BRDA:43,1,2,0
BRDA:43,1,3,0
BRDA:43,1,4,0
BRDA:43,1,5,0
BRDA:43,1,6,0
BRDA:43,1,7,0
BRDA:43,1,8,0
BRDA:43,1,9,0
BRDA:43,1,10,0
BRDA:43,1,11,0
BRDA:43,1,12,0
BRDA:43,1,13,0
BRDA:43,1,14,0
BRDA:43,1,15,0
BRDA:43,1,16,0
BRDA:43,1,17,0
BRDA:43,1,18,0
BRDA:43,1,19,0
BRF:22
BRH:2
end_of_record
TN:
SF:src\components\ExpandCollapse\ExpandCollapse.tsx
FN:6,(anonymous_6)
FN:13,toggle
FN:13,(anonymous_8)
FNF:3
FNH:3
FNDA:11,(anonymous_6)
FNDA:2,toggle
FNDA:2,(anonymous_8)
DA:1,4
DA:3,4
DA:4,4
DA:6,4
DA:10,55
DA:11,11
DA:13,13
DA:15,11
LF:8
LH:8
BRDA:8,0,0,8
BRDA:8,0,1,3
BRDA:9,1,0,8
BRDA:9,1,1,3
BRF:4
BRH:4
end_of_record
TN:
SF:src\components\ExpandCollapse\ExpandCollapseView.tsx
FN:3,(anonymous_1)
FNF:1
FNH:1
FNDA:13,(anonymous_1)
DA:1,5
DA:3,5
DA:9,13
DA:10,13
LF:4
LH:4
BRDA:15,0,0,11
BRDA:15,0,1,2
BRF:2
BRH:2
end_of_record
TN:
SF:src\components\LeftNav\LeftNav.tsx
FN:7,LeftNav
FN:14,LeftNavLink
FN:81,mapStateToProps
FNF:3
FNH:3
FNDA:3,LeftNav
FNDA:36,LeftNavLink
FNDA:1,mapStateToProps
DA:1,7
DA:2,7
DA:3,7
DA:5,7
DA:7,7
DA:11,3
DA:12,3
DA:14,36
DA:15,36
DA:27,3
DA:81,8
DA:87,7
DA:89,7
LF:13
LH:13
BRDA:12,0,0,1
BRDA:12,0,1,2
BRDA:29,1,0,3
BRDA:29,1,1,1
BRDA:30,2,0,3
BRDA:30,2,1,1
BRDA:33,3,0,3
BRDA:33,3,1,1
BRDA:34,4,0,3
BRDA:34,4,1,1
BRF:10
BRH:10
end_of_record
TN:
SF:src\components\LoaderButton\LoaderButton.tsx
FN:3,LoaderButton
FN:11,(anonymous_2)
FN:20,onClick
FN:21,onKeyUp
FNF:4
FNH:2
FNDA:105,LoaderButton
FNDA:0,(anonymous_2)
FNDA:2,onClick
FNDA:0,onKeyUp
DA:1,12
DA:3,12
DA:13,210
DA:14,105
DA:20,2
DA:21,0
LF:6
LH:5
BRDA:5,0,0,20
BRDA:5,0,1,85
BRDA:11,1,0,16
BRDA:11,1,1,89
BRDA:17,2,0,105
BRDA:17,2,1,24
BRDA:24,3,0,101
BRDA:24,3,1,4
BRF:8
BRH:8
end_of_record
TN:
SF:src\components\LoaderSpinner\LoaderSpinner.tsx
FN:5,LoaderSpinner
FNF:1
FNH:1
FNDA:29,LoaderSpinner
DA:1,8
DA:3,8
DA:5,8
DA:6,29
LF:4
LH:4
BRF:0
BRH:0
end_of_record
TN:
SF:src\config\NOBSCBackendAPIEndpointOne.ts
FNF:0
FNH:0
DA:1,22
LF:1
LH:1
BRDA:3,0,0,0
BRDA:3,0,1,22
BRF:2
BRH:1
end_of_record
TN:
SF:src\pages\Content\Content.tsx
FN:14,Content
FN:20,(anonymous_15)
FN:26,getContents
FN:26,_callee
FNF:4
FNH:2
FNDA:3,Content
FNDA:3,(anonymous_15)
FNDA:0,getContents
FNDA:0,_callee
DA:1,2
DA:2,2
DA:3,2
DA:6,2
DA:7,2
DA:10,2
DA:12,2
DA:14,12
DA:15,3
DA:16,3
DA:18,3
DA:20,3
DA:21,3
DA:22,3
DA:23,3
DA:26,0
DA:27,0
DA:28,0
DA:31,0
DA:34,3
LF:20
LH:16
BRDA:21,0,0,3
BRDA:21,0,1,0
BRDA:26,1,0,0
BRDA:26,1,1,0
BRDA:26,1,2,0
BRDA:26,1,3,0
BRDA:28,2,0,0
BRDA:28,2,1,0
BRDA:31,3,0,0
BRDA:31,3,1,0
BRDA:35,4,0,3
BRDA:35,4,1,0
BRF:12
BRH:2
end_of_record
TN:
SF:src\pages\Content\ContentView.tsx
FN:4,ContentView
FNF:1
FNH:1
FNDA:1,ContentView
DA:1,3
DA:4,3
DA:7,1
DA:8,1
LF:4
LH:4
BRF:0
BRH:0
end_of_record
TN:
SF:src\pages\Cuisine\Cuisine.tsx
FN:16,Cuisine
FN:30,(anonymous_15)
FN:36,(anonymous_16)
FN:43,getCuisineDetail
FN:43,_callee
FN:51,(anonymous_20)
FN:52,getAddress
FN:52,_callee2
FN:66,getLocation
FN:66,_callee3
FN:69,(anonymous_27)
FN:75,handleShowNearbyStoresClick
FN:80,handleTabChange
FN:143,mapStateToProps
FNF:14
FNH:5
FNDA:4,Cuisine
FNDA:4,(anonymous_15)
FNDA:0,(anonymous_16)
FNDA:0,getCuisineDetail
FNDA:0,_callee
FNDA:4,(anonymous_20)
FNDA:4,getAddress
FNDA:12,_callee2
FNDA:0,getLocation
FNDA:0,_callee3
FNDA:0,(anonymous_27)
FNDA:0,handleShowNearbyStoresClick
FNDA:0,handleTabChange
FNDA:0,mapStateToProps
DA:1,2
DA:2,2
DA:3,2
DA:4,2
DA:6,2
DA:7,2
DA:11,2
DA:13,2
DA:14,2
DA:16,2
DA:19,76
DA:20,4
DA:21,4
DA:23,4
DA:24,4
DA:25,4
DA:26,4
DA:27,4
DA:28,4
DA:30,4
DA:31,4
DA:32,4
DA:33,4
DA:36,0
DA:38,0
DA:39,0
DA:40,0
DA:43,0
DA:44,0
DA:45,0
DA:48,0
DA:51,4
DA:52,32
DA:56,0
DA:60,0
DA:63,4
DA:66,4
DA:67,0
DA:69,0
DA:70,0
DA:71,0
DA:75,4
DA:76,0
DA:77,0
DA:80,4
DA:82,4
DA:143,2
DA:147,2
DA:149,2
LF:49
LH:33
BRDA:31,0,0,4
BRDA:31,0,1,0
BRDA:38,1,0,0
BRDA:38,1,1,0
BRDA:43,2,0,0
BRDA:43,2,1,0
BRDA:43,2,2,0
BRDA:43,2,3,0
BRDA:45,3,0,0
BRDA:45,3,1,0
BRDA:48,4,0,0
BRDA:48,4,1,0
BRDA:48,5,0,0
BRDA:48,5,1,0
BRDA:52,6,0,4
BRDA:52,6,1,0
BRDA:52,6,2,0
BRDA:52,6,3,0
BRDA:52,6,4,0
BRDA:52,6,5,4
BRDA:52,7,0,0
BRDA:52,7,1,4
BRDA:60,8,0,0
BRDA:60,8,1,0
BRDA:66,9,0,0
BRDA:66,9,1,0
BRDA:66,9,2,0
BRDA:83,10,0,4
BRDA:83,10,1,0
BRF:29
BRH:5
end_of_record
TN:
SF:src\pages\Cuisine\CuisineView.tsx
FN:13,CuisineView
FN:39,onClick
FN:48,onClick
FN:57,onClick
FN:66,onClick
FN:75,onClick
FNF:6
FNH:1
FNDA:1,CuisineView
FNDA:0,onClick
FNDA:0,onClick
FNDA:0,onClick
FNDA:0,onClick
FNDA:0,onClick
DA:1,3
DA:3,3
DA:5,3
DA:10,3
DA:13,3
DA:23,1
DA:24,1
DA:39,0
DA:48,0
DA:57,0
DA:66,0
DA:75,0
LF:12
LH:7
BRDA:36,0,0,1
BRDA:36,0,1,0
BRDA:45,1,0,0
BRDA:45,1,1,1
BRDA:54,2,0,0
BRDA:54,2,1,1
BRDA:63,3,0,0
BRDA:63,3,1,1
BRDA:72,4,0,0
BRDA:72,4,1,1
BRDA:81,5,0,1
BRDA:81,5,1,1
BRDA:93,6,0,1
BRDA:93,6,1,0
BRDA:101,7,0,0
BRDA:101,7,1,0
BRDA:101,8,0,0
BRDA:101,8,1,0
BRDA:129,9,0,1
BRDA:129,9,1,0
BRDA:135,10,0,1
BRDA:135,10,1,0
BRDA:141,11,0,1
BRDA:141,11,1,0
BRF:24
BRH:11
end_of_record
TN:
SF:src\pages\Cuisines\Cuisines.tsx
FN:8,Cuisines
FN:13,(anonymous_2)
FN:31,(anonymous_3)
FN:34,(anonymous_4)
FN:69,mapStateToProps
FNF:5
FNH:0
FNDA:0,Cuisines
FNDA:0,(anonymous_2)
FNDA:0,(anonymous_3)
FNDA:0,(anonymous_4)
FNDA:0,mapStateToProps
DA:1,1
DA:2,1
DA:3,1
DA:6,1
DA:8,1
DA:11,0
DA:12,0
DA:14,0
DA:16,0
DA:17,0
DA:19,0
DA:22,0
DA:23,0
DA:25,0
DA:27,0
DA:31,0
DA:35,0
DA:36,0
DA:69,1
DA:73,1
DA:75,1
LF:21
LH:8
BRDA:16,0,0,0
BRDA:16,0,1,0
BRDA:31,1,0,0
BRDA:31,1,1,0
BRF:4
BRH:0
end_of_record
TN:
SF:src\pages\Equipment\Equipment.tsx
FN:9,Equipment
FN:19,(anonymous_7)
FN:26,(anonymous_8)
FN:27,(anonymous_9)
FN:62,mapStateToProps
FNF:5
FNH:2
FNDA:4,Equipment
FNDA:4,(anonymous_7)
FNDA:0,(anonymous_8)
FNDA:0,(anonymous_9)
FNDA:0,mapStateToProps
DA:1,2
DA:2,2
DA:3,2
DA:5,2
DA:7,2
DA:9,2
DA:13,12
DA:14,4
DA:15,4
DA:17,4
DA:19,4
DA:20,4
DA:21,4
DA:22,4
DA:26,0
DA:27,0
DA:30,0
DA:31,0
DA:32,0
DA:35,0
DA:38,4
DA:62,2
DA:67,2
DA:69,2
LF:24
LH:18
BRDA:20,0,0,4
BRDA:20,0,1,0
BRDA:26,1,0,0
BRDA:26,1,1,0
BRDA:30,2,0,0
BRDA:30,2,1,0
BRDA:39,3,0,4
BRDA:39,3,1,0
BRF:8
BRH:2
end_of_record
TN:
SF:src\pages\Equipment\EquipmentView.tsx
FN:7,EquipmentView
FN:32,(anonymous_2)
FNF:2
FNH:2
FNDA:2,EquipmentView
FNDA:3,(anonymous_2)
DA:1,3
DA:3,3
DA:5,3
DA:7,3
DA:11,2
DA:12,2
DA:14,2
DA:32,3
LF:8
LH:8
BRDA:33,0,0,1
BRDA:33,0,1,1
BRF:2
BRH:2
end_of_record
TN:
SF:src\pages\Equipments\Equipments.tsx
FN:16,listResults
FN:18,(anonymous_2)
FN:39,Equipments
FN:113,mapContextToProps
FNF:4
FNH:0
FNDA:0,listResults
FNDA:0,(anonymous_2)
FNDA:0,Equipments
FNDA:0,mapContextToProps
DA:1,1
DA:8,1
DA:9,1
DA:11,1
DA:12,1
DA:14,1
DA:17,0
DA:18,0
DA:35,0
DA:39,1
DA:45,0
DA:46,0
DA:113,1
DA:120,1
LF:14
LH:9
BRDA:17,0,0,0
BRDA:17,0,1,0
BRDA:17,1,0,0
BRDA:17,1,1,0
BRDA:17,1,2,0
BRDA:18,2,0,0
BRDA:18,2,1,0
BRDA:84,3,0,0
BRDA:84,3,1,0
BRDA:85,4,0,0
BRDA:85,4,1,0
BRDA:90,5,0,0
BRDA:90,5,1,0
BRF:13
BRH:0
end_of_record
TN:
SF:src\pages\Friends\Friends.tsx
FN:15,Friends
FN:32,(anonymous_7)
FN:39,(anonymous_8)
FN:44,handleAcceptClick
FN:49,handleBlockClick
FN:59,handleDeleteClick
FN:64,handleInputChange
FN:68,handleRejectClick
FN:73,handleRequestClick
FN:83,handleTabChange
FN:85,handleUnblockClick
FN:90,validateUserToFind
FN:130,mapStateToProps
FN:137,userAcceptFriendship
FN:138,userBlockUser
FN:139,userDeleteFriendship
FN:140,userRejectFriendship
FN:141,userRequestFriendship
FN:142,userUnblockUser
FNF:19
FNH:6
FNDA:23,Friends
FNDA:7,(anonymous_7)
FNDA:0,(anonymous_8)
FNDA:0,handleAcceptClick
FNDA:3,handleBlockClick
FNDA:0,handleDeleteClick
FNDA:7,handleInputChange
FNDA:0,handleRejectClick
FNDA:3,handleRequestClick
FNDA:0,handleTabChange
FNDA:0,handleUnblockClick
FNDA:6,validateUserToFind
FNDA:0,mapStateToProps
FNDA:0,userAcceptFriendship
FNDA:0,userBlockUser
FNDA:0,userDeleteFriendship
FNDA:0,userRejectFriendship
FNDA:0,userRequestFriendship
FNDA:0,userUnblockUser
DA:1,2
DA:2,2
DA:5,2
DA:13,2
DA:15,2
DA:26,276
DA:27,23
DA:28,23
DA:29,23
DA:30,23
DA:32,23
DA:33,7
DA:34,7
DA:35,7
DA:36,7
DA:37,7
DA:39,7
DA:40,0
DA:44,23
DA:45,0
DA:46,0
DA:49,23
DA:50,3
DA:51,3
DA:52,2
DA:53,2
DA:54,1
DA:55,1
DA:56,1
DA:59,23
DA:60,0
DA:61,0
DA:64,23
DA:65,7
DA:68,23
DA:69,0
DA:70,0
DA:73,23
DA:74,3
DA:75,3
DA:76,2
DA:77,2
DA:78,1
DA:79,1
DA:80,1
DA:83,23
DA:85,23
DA:86,0
DA:87,0
DA:90,29
DA:92,23
DA:130,2
DA:136,2
DA:137,0
DA:138,0
DA:139,0
DA:140,0
DA:141,0
DA:142,0
DA:145,2
DA:147,2
LF:61
LH:46
BRDA:34,0,0,7
BRDA:34,0,1,0
BRDA:35,1,0,7
BRDA:35,1,1,0
BRDA:50,2,0,0
BRDA:50,2,1,3
BRDA:51,3,0,1
BRDA:51,3,1,2
BRDA:53,4,0,1
BRDA:53,4,1,1
BRDA:74,5,0,0
BRDA:74,5,1,3
BRDA:75,6,0,1
BRDA:75,6,1,2
BRDA:77,7,0,1
BRDA:77,7,1,1
BRF:16
BRH:12
end_of_record
TN:
SF:src\pages\Friends\FriendsView.tsx
FN:8,FriendsView
FN:74,onClick
FN:86,onClick
FN:96,onClick
FN:105,(anonymous_5)
FN:106,(anonymous_6)
FNF:6
FNH:3
FNDA:24,FriendsView
FNDA:0,onClick
FNDA:0,onClick
FNDA:0,onClick
FNDA:54,(anonymous_5)
FNDA:46,(anonymous_6)
DA:1,3
DA:2,3
DA:4,3
DA:6,3
DA:8,3
DA:23,24
DA:24,24
DA:74,0
DA:86,0
DA:96,0
DA:105,54
DA:106,46
LF:12
LH:9
BRDA:71,0,0,22
BRDA:71,0,1,2
BRDA:82,1,0,1
BRDA:82,1,1,23
BRDA:93,2,0,1
BRDA:93,2,1,23
BRDA:115,3,0,46
BRDA:115,3,1,1
BRDA:127,4,0,46
BRDA:127,4,1,1
BRDA:139,5,0,46
BRDA:139,5,1,44
BRDA:151,6,0,46
BRDA:151,6,1,1
BRF:14
BRH:14
end_of_record
TN:
SF:src\pages\Home\Home.tsx
FN:8,Home
FNF:1
FNH:1
FNDA:1,Home
DA:1,1
DA:3,1
DA:4,1
DA:5,1
DA:6,1
DA:8,1
DA:9,1
LF:7
LH:7
BRF:0
BRH:0
end_of_record
TN:
SF:src\pages\Home\Feed\Feed.tsx
FN:7,Feed
FN:16,(anonymous_2)
FN:46,mapStateToProps
FNF:3
FNH:2
FNDA:3,Feed
FNDA:0,(anonymous_2)
FNDA:2,mapStateToProps
DA:1,2
DA:2,2
DA:5,2
DA:7,2
DA:11,3
DA:12,3
DA:16,0
DA:46,4
DA:52,2
DA:54,2
LF:10
LH:9
BRDA:15,0,0,3
BRDA:15,0,1,3
BRDA:15,1,0,3
BRDA:15,1,1,3
BRF:4
BRH:4
end_of_record
TN:
SF:src\pages\Home\Suggestions\Suggestions.tsx
FN:15,Suggestions
FN:26,(anonymous_15)
FN:27,getAddress
FN:27,_callee
FN:38,getLocation
FN:38,_callee2
FN:40,(anonymous_22)
FN:46,handleShowNearbyStoresClick
FN:79,mapStateToProps
FN:88,geoAddress
FN:89,geoLatitude
FN:90,geoLongitude
FN:91,geoNearbyStoresClicked
FNF:13
FNH:5
FNDA:2,Suggestions
FNDA:2,(anonymous_15)
FNDA:2,getAddress
FNDA:6,_callee
FNDA:0,getLocation
FNDA:0,_callee2
FNDA:0,(anonymous_22)
FNDA:0,handleShowNearbyStoresClick
FNDA:2,mapStateToProps
FNDA:0,geoAddress
FNDA:0,geoLatitude
FNDA:0,geoLongitude
FNDA:0,geoNearbyStoresClicked
DA:1,1
DA:2,1
DA:3,1
DA:5,1
DA:11,1
DA:13,1
DA:15,1
DA:25,2
DA:26,2
DA:27,16
DA:30,0
DA:33,0
DA:35,2
DA:38,2
DA:39,0
DA:40,0
DA:41,0
DA:42,0
DA:46,2
DA:47,0
DA:48,0
DA:51,2
DA:79,3
DA:87,1
DA:88,0
DA:89,0
DA:90,0
DA:91,0
DA:94,1
DA:96,1
LF:30
LH:18
BRDA:27,0,0,2
BRDA:27,0,1,0
BRDA:27,0,2,0
BRDA:27,0,3,0
BRDA:27,0,4,0
BRDA:27,0,5,2
BRDA:27,1,0,0
BRDA:27,1,1,2
BRDA:33,2,0,0
BRDA:33,2,1,0
BRDA:38,3,0,0
BRDA:38,3,1,0
BRDA:38,3,2,0
BRF:13
BRH:3
end_of_record
TN:
SF:src\pages\Home\Suggestions\SuggestionsView.tsx
FN:7,SuggestionsView
FNF:1
FNH:1
FNDA:2,SuggestionsView
DA:1,1
DA:3,1
DA:5,1
DA:7,1
DA:14,2
DA:15,2
LF:6
LH:6
BRDA:23,0,0,0
BRDA:23,0,1,2
BRDA:23,1,0,0
BRDA:23,1,1,0
BRF:4
BRH:1
end_of_record
TN:
SF:src\pages\Ingredient\Ingredient.tsx
FN:9,Ingredient
FN:19,(anonymous_7)
FN:26,(anonymous_8)
FN:27,(anonymous_9)
FN:62,mapStateToProps
FNF:5
FNH:2
FNDA:4,Ingredient
FNDA:4,(anonymous_7)
FNDA:0,(anonymous_8)
FNDA:0,(anonymous_9)
FNDA:0,mapStateToProps
DA:1,2
DA:2,2
DA:3,2
DA:5,2
DA:7,2
DA:9,2
DA:13,12
DA:14,4
DA:15,4
DA:17,4
DA:19,4
DA:20,4
DA:21,4
DA:22,4
DA:26,0
DA:27,0
DA:30,0
DA:31,0
DA:32,0
DA:35,0
DA:38,4
DA:62,2
DA:67,2
DA:69,2
LF:24
LH:18
BRDA:20,0,0,4
BRDA:20,0,1,0
BRDA:26,1,0,0
BRDA:26,1,1,0
BRDA:30,2,0,0
BRDA:30,2,1,0
BRDA:39,3,0,4
BRDA:39,3,1,0
BRF:8
BRH:2
end_of_record
TN:
SF:src\pages\Ingredient\IngredientView.tsx
FN:7,IngredientView
FN:37,(anonymous_2)
FNF:2
FNH:2
FNDA:2,IngredientView
FNDA:3,(anonymous_2)
DA:1,3
DA:3,3
DA:5,3
DA:7,3
DA:11,2
DA:13,2
DA:15,2
DA:37,3
LF:8
LH:8
BRDA:30,0,0,2
BRDA:30,0,1,0
BRDA:31,1,0,2
BRDA:31,1,1,1
BRDA:38,2,0,1
BRDA:38,2,1,1
BRF:6
BRH:5
end_of_record
TN:
SF:src\pages\Ingredients\Ingredients.tsx
FN:16,listResults
FN:18,(anonymous_2)
FN:47,Ingredients
FN:134,mapContextToProps
FNF:4
FNH:0
FNDA:0,listResults
FNDA:0,(anonymous_2)
FNDA:0,Ingredients
FNDA:0,mapContextToProps
DA:1,1
DA:8,1
DA:9,1
DA:11,1
DA:12,1
DA:14,1
DA:17,0
DA:18,0
DA:43,0
DA:47,1
DA:53,0
DA:54,0
DA:134,1
DA:141,1
LF:14
LH:9
BRDA:17,0,0,0
BRDA:17,0,1,0
BRDA:17,1,0,0
BRDA:17,1,1,0
BRDA:17,1,2,0
BRDA:23,2,0,0
BRDA:23,2,1,0
BRDA:25,3,0,0
BRDA:25,3,1,0
BRDA:105,4,0,0
BRDA:105,4,1,0
BRDA:106,5,0,0
BRDA:106,5,1,0
BRDA:111,6,0,0
BRDA:111,6,1,0
BRF:15
BRH:0
end_of_record
TN:
SF:src\pages\Login\Login.tsx
FN:10,Login
FN:22,(anonymous_7)
FN:28,(anonymous_8)
FN:33,handleEmailChange
FN:36,handleLoginClick
FN:44,handleLoginKeyUp
FN:53,handlePasswordChange
FN:56,validateLoginInfo
FN:83,mapStateToProps
FN:86,authStaffLogin
FN:88,authUserLogin
FNF:11
FNH:7
FNDA:26,Login
FNDA:8,(anonymous_7)
FNDA:0,(anonymous_8)
FNDA:5,handleEmailChange
FNDA:1,handleLoginClick
FNDA:0,handleLoginKeyUp
FNDA:5,handlePasswordChange
FNDA:27,validateLoginInfo
FNDA:1,mapStateToProps
FNDA:0,authStaffLogin
FNDA:0,authUserLogin
DA:1,2
DA:2,2
DA:3,2
DA:5,2
DA:6,2
DA:10,2
DA:14,312
DA:15,26
DA:17,26
DA:18,26
DA:19,26
DA:20,26
DA:22,26
DA:23,8
DA:24,8
DA:25,8
DA:26,8
DA:28,8
DA:29,0
DA:33,31
DA:36,26
DA:37,1
DA:38,1
DA:39,1
DA:40,1
DA:41,1
DA:44,26
DA:45,0
DA:46,0
DA:47,0
DA:48,0
DA:49,0
DA:50,0
DA:53,31
DA:56,53
DA:58,26
DA:83,3
DA:85,2
DA:86,0
DA:88,0
DA:92,2
DA:94,2
LF:42
LH:33
BRDA:24,0,0,8
BRDA:24,0,1,0
BRDA:37,1,0,0
BRDA:37,1,1,1
BRDA:38,2,0,0
BRDA:38,2,1,1
BRDA:40,3,0,0
BRDA:40,3,1,1
BRDA:41,4,0,1
BRDA:41,4,1,0
BRDA:45,5,0,0
BRDA:45,5,1,0
BRDA:46,6,0,0
BRDA:46,6,1,0
BRDA:47,7,0,0
BRDA:47,7,1,0
BRDA:47,8,0,0
BRDA:47,8,1,0
BRDA:49,9,0,0
BRDA:49,9,1,0
BRDA:50,10,0,0
BRDA:50,10,1,0
BRDA:56,11,0,27
BRDA:56,11,1,8
BRF:24
BRH:7
end_of_record
TN:
SF:src\pages\Login\LoginView.tsx
FN:9,LoginView
FN:21,onKeyUp
FNF:2
FNH:1
FNDA:27,LoginView
FNDA:0,onKeyUp
DA:1,3
DA:2,3
DA:4,3
DA:5,3
DA:7,3
DA:9,3
DA:19,27
DA:20,27
DA:21,0
LF:9
LH:8
BRF:0
BRH:0
end_of_record
TN:
SF:src\pages\Messenger\Messenger.tsx
FN:17,Messenger
FN:47,(anonymous_7)
FN:56,(anonymous_8)
FN:61,(anonymous_9)
FN:62,setAlertFavicon
FN:69,autoScroll
FN:96,handleChannelChange
FN:101,(anonymous_13)
FN:111,(anonymous_14)
FN:124,handleConnect
FN:130,handleDisconnect
FN:136,handleFriendClick
FN:138,handleMessageInputChange
FN:141,handleMessageSend
FN:151,(anonymous_20)
FN:161,(anonymous_21)
FN:245,handlePeopleTabChange
FN:247,handleRoomInputChange
FN:251,handleUserClick
FN:254,preventSpam
FN:255,(anonymous_26)
FN:257,(anonymous_27)
FN:257,(anonymous_28)
FN:261,(anonymous_29)
FN:265,startWhisper
FN:355,mapStateToProps
FN:367,messengerChangeChannel
FN:368,messengerConnect
FN:369,messengerDisconnect
FN:370,messengerSendMessage
FN:371,messengerSendWhisper
FNF:31
FNH:14
FNDA:19,Messenger
FNDA:1,(anonymous_7)
FNDA:0,(anonymous_8)
FNDA:1,(anonymous_9)
FNDA:0,setAlertFavicon
FNDA:1,autoScroll
FNDA:2,handleChannelChange
FNDA:0,(anonymous_13)
FNDA:0,(anonymous_14)
FNDA:0,handleConnect
FNDA:0,handleDisconnect
FNDA:2,handleFriendClick
FNDA:4,handleMessageInputChange
FNDA:3,handleMessageSend
FNDA:0,(anonymous_20)
FNDA:0,(anonymous_21)
FNDA:3,handlePeopleTabChange
FNDA:3,handleRoomInputChange
FNDA:2,handleUserClick
FNDA:3,preventSpam
FNDA:3,(anonymous_26)
FNDA:0,(anonymous_27)
FNDA:0,(anonymous_28)
FNDA:0,(anonymous_29)
FNDA:1,startWhisper
FNDA:0,mapStateToProps
FNDA:0,messengerChangeChannel
FNDA:0,messengerConnect
FNDA:0,messengerDisconnect
FNDA:0,messengerSendMessage
FNDA:0,messengerSendWhisper
DA:1,2
DA:2,2
DA:5,2
DA:13,2
DA:17,2
DA:33,513
DA:34,19
DA:35,19
DA:36,19
DA:37,19
DA:38,19
DA:39,19
DA:41,19
DA:42,19
DA:43,19
DA:45,19
DA:47,19
DA:48,1
DA:50,1
DA:51,1
DA:52,1
DA:53,1
DA:56,1
DA:57,0
DA:61,19
DA:62,1
DA:64,0
DA:65,0
DA:69,1
DA:70,1
DA:73,1
DA:75,1
DA:77,1
DA:80,1
DA:83,1
DA:86,1
DA:87,0
DA:91,1
DA:93,1
DA:96,19
DA:97,2
DA:99,2
DA:100,0
DA:101,0
DA:102,0
DA:105,2
DA:107,2
DA:109,1
DA:110,0
DA:111,0
DA:112,0
DA:115,1
DA:118,1
DA:119,1
DA:120,1
DA:121,1
DA:124,19
DA:125,0
DA:126,0
DA:127,0
DA:130,19
DA:131,0
DA:132,0
DA:133,0
DA:136,21
DA:138,23
DA:141,19
DA:142,3
DA:143,3
DA:145,3
DA:147,3
DA:149,3
DA:150,1
DA:151,1
DA:152,1
DA:155,2
DA:157,2
DA:159,2
DA:160,0
DA:161,0
DA:162,0
DA:165,2
DA:167,2
DA:169,2
DA:171,1
DA:172,1
DA:174,1
DA:176,1
DA:178,1
DA:180,1
DA:187,2
DA:188,2
DA:189,2
DA:245,22
DA:247,19
DA:248,3
DA:251,21
DA:254,19
DA:255,3
DA:257,3
DA:259,3
DA:260,1
DA:261,1
DA:265,19
DA:266,1
DA:267,1
DA:268,1
DA:298,19
DA:355,2
DA:366,2
DA:367,0
DA:368,0
DA:369,0
DA:370,0
DA:371,0
DA:375,2
DA:377,2
LF:117
LH:93
BRDA:50,0,0,1
BRDA:50,0,1,0
BRDA:51,1,0,1
BRDA:51,1,1,0
BRDA:70,2,0,0
BRDA:70,2,1,1
BRDA:70,3,0,1
BRDA:70,3,1,1
BRDA:75,4,0,0
BRDA:75,4,1,1
BRDA:86,5,0,0
BRDA:86,5,1,1
BRDA:91,6,0,0
BRDA:91,6,1,1
BRDA:97,7,0,0
BRDA:97,7,1,2
BRDA:99,8,0,0
BRDA:99,8,1,2
BRDA:107,9,0,1
BRDA:107,9,1,1
BRDA:107,10,0,2
BRDA:107,10,1,1
BRDA:109,11,0,0
BRDA:109,11,1,1
BRDA:145,12,0,0
BRDA:145,12,1,3
BRDA:145,13,0,3
BRDA:145,13,1,3
BRDA:147,14,0,0
BRDA:147,14,1,3
BRDA:149,15,0,1
BRDA:149,15,1,2
BRDA:157,16,0,0
BRDA:157,16,1,2
BRDA:157,17,0,2
BRDA:157,17,1,2
BRDA:159,18,0,0
BRDA:159,18,1,2
BRDA:169,19,0,1
BRDA:169,19,1,1
BRDA:174,20,0,0
BRDA:174,20,1,1
BRDA:252,21,0,2
BRDA:252,21,1,1
BRDA:259,22,0,1
BRDA:259,22,1,2
BRF:46
BRH:32
end_of_record
TN:
SF:src\pages\Messenger\MessengerPage.tsx
FN:5,(anonymous_7)
FN:5,(anonymous_8)
FN:8,MessengerPage
FNF:3
FNH:2
FNDA:1,(anonymous_7)
FNDA:1,(anonymous_8)
FNDA:0,MessengerPage
DA:1,1
DA:2,1
DA:5,1
DA:6,1
DA:8,1
DA:9,0
LF:6
LH:5
BRF:0
BRH:0
end_of_record
TN:
SF:src\pages\Messenger\views\MessengerView.tsx
FN:10,MessengerView
FNF:1
FNH:1
FNDA:16,MessengerView
DA:1,3
DA:3,3
DA:5,3
DA:6,3
DA:7,3
DA:8,3
DA:10,3
DA:36,16
DA:37,16
LF:9
LH:9
BRF:0
BRH:0
end_of_record
TN:
SF:src\pages\Messenger\views\desktop\ChatView\ChatView.tsx
FN:10,ChatView
FN:19,displayMessage
FN:44,displayWhisper
FN:75,(anonymous_4)
FN:89,onKeyUp
FNF:5
FNH:5
FNDA:16,ChatView
FNDA:3,displayMessage
FNDA:2,displayWhisper
FNDA:5,(anonymous_4)
FNDA:3,onKeyUp
DA:1,4
DA:8,4
DA:10,4
DA:18,16
DA:19,16
DA:21,3
DA:22,1
DA:26,2
DA:27,1
DA:36,1
DA:44,16
DA:46,2
DA:47,1
DA:58,1
DA:68,16
DA:75,5
DA:89,3
LF:17
LH:17
BRDA:21,0,0,1
BRDA:21,0,1,2
BRDA:26,1,0,1
BRDA:26,1,1,1
BRDA:46,2,0,1
BRDA:46,2,1,1
BRDA:75,3,0,16
BRDA:75,3,1,16
BRDA:78,4,0,5
BRDA:78,4,1,3
BRDA:79,5,0,5
BRDA:79,5,1,2
BRF:12
BRH:12
end_of_record
TN:
SF:src\pages\Messenger\views\desktop\OptionsView\OptionsView.tsx
FN:5,OptionsView
FNF:1
FNH:1
FNDA:18,OptionsView
DA:1,4
DA:3,4
DA:5,4
DA:14,18
DA:15,18
LF:5
LH:5
BRDA:24,0,0,17
BRDA:24,0,1,1
BRDA:27,1,0,17
BRDA:27,1,1,1
BRDA:44,2,0,18
BRDA:44,2,1,17
BRDA:54,3,0,18
BRDA:54,3,1,17
BRF:8
BRH:8
end_of_record
TN:
SF:src\pages\Messenger\views\desktop\PeopleView\PeopleView.tsx
FN:6,PeopleView
FN:25,onClick
FN:33,onClick
FN:41,(anonymous_4)
FN:45,onClick
FN:54,onClick
FN:67,(anonymous_7)
FN:71,onClick
FN:80,onClick
FNF:9
FNH:8
FNDA:19,PeopleView
FNDA:1,onClick
FNDA:2,onClick
FNDA:39,(anonymous_4)
FNDA:2,onClick
FNDA:0,onClick
FNDA:6,(anonymous_7)
FNDA:2,onClick
FNDA:1,onClick
DA:1,4
DA:4,4
DA:6,4
DA:16,19
DA:17,19
DA:25,1
DA:33,2
DA:41,39
DA:45,2
DA:54,0
DA:67,6
DA:71,2
DA:80,1
LF:13
LH:12
BRDA:23,0,0,13
BRDA:23,0,1,6
BRDA:31,1,0,6
BRDA:31,1,1,13
BRDA:39,2,0,19
BRDA:39,2,1,13
BRDA:41,3,0,13
BRDA:41,3,1,13
BRDA:50,4,0,39
BRDA:50,4,1,6
BRDA:50,4,2,2
BRDA:65,5,0,19
BRDA:65,5,1,6
BRDA:67,6,0,6
BRDA:67,6,1,6
BRDA:76,7,0,6
BRDA:76,7,1,3
BRDA:76,7,2,3
BRF:18
BRH:18
end_of_record
TN:
SF:src\pages\Navigation\Navigation.tsx
FN:13,Navigation
FN:23,(anonymous_15)
FN:24,getContentLinksByTypeName
FN:24,_callee
FN:36,(anonymous_19)
FN:48,(anonymous_20)
FNF:6
FNH:0
FNDA:0,Navigation
FNDA:0,(anonymous_15)
FNDA:0,getContentLinksByTypeName
FNDA:0,_callee
FNDA:0,(anonymous_19)
FNDA:0,(anonymous_20)
DA:1,1
DA:2,1
DA:3,1
DA:5,1
DA:8,1
DA:10,1
DA:11,1
DA:13,1
DA:19,0
DA:21,0
DA:23,0
DA:24,0
DA:25,0
DA:26,0
DA:28,0
DA:31,0
DA:36,0
DA:48,0
LF:18
LH:8
BRDA:24,0,0,0
BRDA:24,0,1,0
BRDA:24,0,2,0
BRDA:24,0,3,0
BRDA:26,1,0,0
BRDA:26,1,1,0
BRDA:28,2,0,0
BRDA:28,2,1,0
BRDA:36,3,0,0
BRDA:36,3,1,0
BRDA:48,4,0,0
BRDA:48,4,1,0
BRF:12
BRH:0
end_of_record
TN:
SF:src\pages\NewContent\NewContent.tsx
FN:56,NewContent
FN:96,(anonymous_15)
FN:97,getExistingContentToEdit
FN:97,_callee
FN:131,(anonymous_19)
FN:144,(anonymous_20)
FN:150,(anonymous_21)
FN:156,(anonymous_22)
FN:158,cancelImage
FN:166,handleEditorChange
FN:168,handleContentTypeChange
FN:171,handleKeyDown
FN:179,handleSubmit
FN:217,handleSaveTypeChange
FN:220,makeCrops
FN:220,_callee2
FN:238,onCropChange
FN:240,onCropComplete
FN:242,onImageLoaded
FN:244,onSelectFile
FN:251,(anonymous_36)
FN:255,(anonymous_37)
FN:257,(anonymous_38)
FN:315,mapStateToProps
FN:326,editorClearWork
FN:327,editorSetCreating
FN:328,editorSetEditingId
FN:329,editorSetValue
FN:330,staffCreateNewContent
FN:332,staffEditContent
FN:334,userCreateNewContent
FN:336,userEditContent
FNF:32
FNH:8
FNDA:4,NewContent
FNDA:4,(anonymous_15)
FNDA:2,getExistingContentToEdit
FNDA:6,_callee
FNDA:4,(anonymous_19)
FNDA:0,(anonymous_20)
FNDA:0,(anonymous_21)
FNDA:4,(anonymous_22)
FNDA:0,cancelImage
FNDA:0,handleEditorChange
FNDA:0,handleContentTypeChange
FNDA:0,handleKeyDown
FNDA:0,handleSubmit
FNDA:0,handleSaveTypeChange
FNDA:0,makeCrops
FNDA:0,_callee2
FNDA:0,onCropChange
FNDA:0,onCropComplete
FNDA:0,onImageLoaded
FNDA:0,onSelectFile
FNDA:0,(anonymous_36)
FNDA:4,(anonymous_37)
FNDA:4,(anonymous_38)
FNDA:0,mapStateToProps
FNDA:0,editorClearWork
FNDA:0,editorSetCreating
FNDA:0,editorSetEditingId
FNDA:0,editorSetValue
FNDA:0,staffCreateNewContent
FNDA:0,staffEditContent
FNDA:0,userCreateNewContent
FNDA:0,userEditContent
DA:1,2
DA:2,2
DA:3,2
DA:11,2
DA:12,2
DA:13,2
DA:14,2
DA:15,2
DA:17,2
DA:21,2
DA:27,2
DA:31,2
DA:39,2
DA:42,2
DA:43,2
DA:44,2
DA:46,2
DA:51,2
DA:56,2
DA:74,160
DA:75,4
DA:76,4
DA:78,4
DA:79,4
DA:81,4
DA:82,4
DA:83,4
DA:84,4
DA:85,4
DA:86,4
DA:87,4
DA:88,4
DA:90,4
DA:91,4
DA:92,4
DA:94,4
DA:96,4
DA:97,16
DA:99,2
DA:101,2
DA:105,0
DA:106,0
DA:108,0
DA:111,0
DA:113,0
DA:114,0
DA:115,0
DA:116,0
DA:119,0
DA:122,4
DA:123,2
DA:124,2
DA:126,2
DA:127,2
DA:131,4
DA:132,4
DA:134,4
DA:135,4
DA:136,4
DA:139,4
DA:141,4
DA:143,4
DA:144,0
DA:147,4
DA:150,4
DA:151,0
DA:156,4
DA:158,4
DA:159,0
DA:160,0
DA:161,0
DA:162,0
DA:163,0
DA:166,4
DA:168,4
DA:171,4
DA:172,0
DA:173,0
DA:174,0
DA:175,0
DA:179,4
DA:182,0
DA:184,0
DA:196,0
DA:197,0
DA:201,0
DA:211,0
DA:212,0
DA:217,4
DA:220,4
DA:224,0
DA:225,0
DA:227,0
DA:228,0
DA:232,0
DA:233,0
DA:234,0
DA:235,0
DA:238,4
DA:240,4
DA:242,4
DA:244,4
DA:245,0
DA:247,0
DA:249,0
DA:251,0
DA:252,0
DA:255,4
DA:257,4
DA:259,4
DA:315,2
DA:325,2
DA:326,0
DA:327,0
DA:328,0
DA:329,0
DA:330,0
DA:332,0
DA:334,0
DA:336,0
DA:340,2
DA:342,2
LF:122
LH:74
BRDA:97,0,0,2
BRDA:97,0,1,0
BRDA:97,0,2,0
BRDA:97,0,3,0
BRDA:97,0,4,2
BRDA:97,1,0,0
BRDA:97,1,1,2
BRDA:100,2,0,1
BRDA:100,2,1,1
BRDA:108,3,0,0
BRDA:108,3,1,0
BRDA:113,4,0,0
BRDA:113,4,1,0
BRDA:122,5,0,2
BRDA:122,5,1,2
BRDA:134,6,0,4
BRDA:134,6,1,0
BRDA:135,7,0,2
BRDA:135,7,1,2
BRDA:137,8,0,2
BRDA:137,8,1,2
BRDA:139,9,0,0
BRDA:139,9,1,4
BRDA:143,10,0,0
BRDA:143,10,1,4
BRDA:143,11,0,4
BRDA:143,11,1,4
BRDA:173,12,0,0
BRDA:173,12,1,0
BRDA:182,13,0,0
BRDA:182,13,1,0
BRDA:182,14,0,0
BRDA:182,14,1,0
BRDA:196,15,0,0
BRDA:196,15,1,0
BRDA:211,16,0,0
BRDA:211,16,1,0
BRDA:220,17,0,0
BRDA:220,17,1,0
BRDA:220,17,2,0
BRDA:220,17,3,0
BRDA:220,17,4,0
BRDA:220,17,5,0
BRDA:220,17,6,0
BRDA:220,17,7,0
BRDA:220,18,0,0
BRDA:220,18,1,0
BRDA:221,19,0,0
BRDA:221,19,1,0
BRDA:230,20,0,0
BRDA:230,20,1,0
BRDA:247,21,0,0
BRDA:247,21,1,0
BRDA:247,22,0,0
BRDA:247,22,1,0
BRF:55
BRH:16
end_of_record
TN:
SF:src\pages\NewContent\NewContentView.tsx
FN:22,NewContentView
FN:73,(anonymous_2)
FNF:2
FNH:2
FNDA:4,NewContentView
FNDA:2,(anonymous_2)
DA:1,2
DA:3,2
DA:5,2
DA:12,2
DA:14,2
DA:22,2
DA:46,4
DA:47,4
DA:73,2
LF:9
LH:9
BRDA:48,0,0,0
BRDA:48,0,1,4
BRDA:60,1,0,4
BRDA:60,1,1,2
BRF:4
BRH:3
end_of_record
TN:
SF:src\pages\NewContent\helpers.ts
FN:8,wrapLink
FN:10,match
FN:26,isBlockActive
FN:27,match
FN:31,isLinkActive
FN:32,match
FN:36,isMarkActive
FN:41,toggleBlock
FN:46,match
FN:59,toggleMark
FN:65,withImages
FN:68,(anonymous_22)
FN:69,isImageUrl
FN:79,_loop
FN:88,(anonymous_25)
FN:114,(anonymous_26)
FN:119,withLinks
FN:122,(anonymous_28)
FN:128,(anonymous_29)
FN:133,(anonymous_30)
FNF:20
FNH:5
FNDA:0,wrapLink
FNDA:0,match
FNDA:8,isBlockActive
FNDA:0,match
FNDA:4,isLinkActive
FNDA:0,match
FNDA:8,isMarkActive
FNDA:0,toggleBlock
FNDA:0,match
FNDA:0,toggleMark
FNDA:0,withImages
FNDA:0,(anonymous_22)
FNDA:0,isImageUrl
FNDA:0,_loop
FNDA:0,(anonymous_25)
FNDA:0,(anonymous_26)
FNDA:4,withLinks
FNDA:0,(anonymous_28)
FNDA:0,(anonymous_29)
FNDA:8,(anonymous_30)
DA:1,2
DA:2,2
DA:3,2
DA:6,2
DA:8,2
DA:9,0
DA:10,0
DA:13,0
DA:14,0
DA:16,0
DA:17,0
DA:18,0
DA:20,0
DA:21,0
DA:22,0
DA:26,16
DA:27,8
DA:28,8
DA:31,8
DA:32,4
DA:33,4
DA:36,2
DA:37,8
DA:38,8
DA:41,2
DA:42,0
DA:43,0
DA:45,0
DA:46,0
DA:50,0
DA:54,0
DA:55,0
DA:59,2
DA:60,0
DA:61,0
DA:62,0
DA:65,2
DA:66,0
DA:68,0
DA:69,0
DA:70,0
DA:71,0
DA:72,0
DA:73,0
DA:76,0
DA:77,0
DA:79,0
DA:81,0
DA:82,0
DA:84,0
DA:86,0
DA:88,0
DA:89,0
DA:96,0
DA:99,0
DA:101,0
DA:109,0
DA:114,0
DA:116,0
DA:119,2
DA:120,4
DA:122,4
DA:123,0
DA:124,0
DA:125,0
DA:128,4
DA:129,0
DA:130,0
DA:133,8
DA:136,4
LF:70
LH:23
BRDA:9,0,0,0
BRDA:9,0,1,0
BRDA:14,1,0,0
BRDA:14,1,1,0
BRDA:16,2,0,0
BRDA:16,2,1,0
BRDA:38,3,0,0
BRDA:38,3,1,8
BRDA:46,4,0,0
BRDA:46,4,1,0
BRDA:51,5,0,0
BRDA:51,5,1,0
BRDA:51,6,0,0
BRDA:51,6,1,0
BRDA:54,7,0,0
BRDA:54,7,1,0
BRDA:54,8,0,0
BRDA:54,8,1,0
BRDA:61,9,0,0
BRDA:61,9,1,0
BRDA:70,10,0,0
BRDA:70,10,1,0
BRDA:71,11,0,0
BRDA:71,11,1,0
BRDA:79,12,0,0
BRDA:79,12,1,0
BRDA:79,13,0,0
BRDA:79,13,1,0
BRDA:84,14,0,0
BRDA:84,14,1,0
BRDA:81,15,0,0
BRDA:81,15,1,0
BRDA:99,16,0,0
BRDA:99,16,1,0
BRDA:114,17,0,0
BRDA:114,17,1,0
BRDA:124,18,0,0
BRDA:124,18,1,0
BRDA:124,19,0,0
BRDA:124,19,1,0
BRDA:129,20,0,0
BRDA:129,20,1,0
BRDA:129,21,0,0
BRDA:129,21,1,0
BRDA:134,22,0,0
BRDA:134,22,1,8
BRF:46
BRH:2
end_of_record
TN:
SF:src\pages\NewContent\components\BlockButton.tsx
FN:8,BlockButton
FN:11,handleMouseDown
FNF:2
FNH:1
FNDA:8,BlockButton
FNDA:0,handleMouseDown
DA:1,2
DA:2,2
DA:4,2
DA:5,2
DA:6,2
DA:8,8
DA:9,8
DA:11,8
DA:12,0
DA:13,0
DA:16,8
LF:11
LH:9
BRF:0
BRH:0
end_of_record
TN:
SF:src\pages\NewContent\components\Button.tsx
FN:4,(anonymous_7)
FNF:1
FNH:1
FNDA:24,(anonymous_7)
DA:1,2
DA:3,2
DA:9,24
DA:10,24
DA:13,24
LF:5
LH:5
BRF:0
BRH:0
end_of_record
TN:
SF:src\pages\NewContent\components\Element.tsx
FN:4,ImageElement
FN:29,(anonymous_2)
FNF:2
FNH:1
FNDA:0,ImageElement
FNDA:4,(anonymous_2)
DA:1,2
DA:2,2
DA:4,2
DA:8,0
DA:9,0
DA:10,0
DA:11,0
DA:29,2
DA:33,4
DA:34,4
DA:35,0
DA:36,0
DA:37,0
DA:38,0
DA:39,0
DA:41,0
DA:44,4
LF:17
LH:7
BRDA:20,0,0,0
BRDA:20,0,1,0
BRDA:20,1,0,0
BRDA:20,1,1,0
BRDA:35,2,0,0
BRDA:35,2,1,0
BRDA:35,2,2,0
BRDA:35,2,3,0
BRDA:35,2,4,0
BRDA:35,2,5,0
BRDA:35,2,6,4
BRF:11
BRH:1
end_of_record
TN:
SF:src\pages\NewContent\components\Icon.tsx
FN:4,(anonymous_7)
FNF:1
FNH:1
FNDA:24,(anonymous_7)
DA:1,2
DA:3,2
DA:6,24
DA:7,24
DA:10,24
LF:5
LH:5
BRF:0
BRH:0
end_of_record
TN:
SF:src\pages\NewContent\components\InsertImageButton.tsx
FN:8,InsertImageButton
FN:11,handleMouseDown
FNF:2
FNH:1
FNDA:4,InsertImageButton
FNDA:0,handleMouseDown
DA:1,2
DA:2,2
DA:3,2
DA:5,2
DA:6,2
DA:8,2
DA:9,4
DA:11,4
DA:12,0
DA:13,0
DA:14,0
DA:15,0
DA:22,4
LF:13
LH:9
BRDA:14,0,0,0
BRDA:14,0,1,0
BRF:2
BRH:0
end_of_record
TN:
SF:src\pages\NewContent\components\Leaf.tsx
FN:3,(anonymous_1)
FNF:1
FNH:1
FNDA:4,(anonymous_1)
DA:1,2
DA:3,2
DA:7,4
DA:8,4
DA:9,4
DA:10,4
LF:6
LH:6
BRDA:8,0,0,0
BRDA:8,0,1,4
BRDA:9,1,0,0
BRDA:9,1,1,4
BRF:4
BRH:2
end_of_record
TN:
SF:src\pages\NewContent\components\LinkButton.tsx
FN:8,LinkButton
FN:11,handleMouseDown
FNF:2
FNH:1
FNDA:4,LinkButton
FNDA:0,handleMouseDown
DA:1,2
DA:2,2
DA:4,2
DA:5,2
DA:6,2
DA:8,2
DA:9,4
DA:11,4
DA:12,0
DA:13,0
DA:14,0
DA:15,0
DA:18,4
LF:13
LH:9
BRDA:14,0,0,0
BRDA:14,0,1,0
BRDA:15,1,0,0
BRDA:15,1,1,0
BRF:4
BRH:0
end_of_record
TN:
SF:src\pages\NewContent\components\MarkButton.tsx
FN:8,MarkButton
FN:11,handleMouseDown
FNF:2
FNH:1
FNDA:8,MarkButton
FNDA:0,handleMouseDown
DA:1,2
DA:2,2
DA:4,2
DA:5,2
DA:6,2
DA:8,8
DA:9,8
DA:11,8
DA:12,0
DA:13,0
DA:16,8
LF:11
LH:9
BRF:0
BRH:0
end_of_record
TN:
SF:src\pages\NewContent\components\Toolbar.tsx
FN:4,(anonymous_7)
FNF:1
FNH:1
FNDA:4,(anonymous_7)
DA:1,2
DA:3,2
DA:6,4
DA:7,4
DA:10,4
LF:5
LH:5
BRF:0
BRH:0
end_of_record
TN:
SF:src\pages\NewContent\components\index.ts
FN:1,get
FN:2,get
FN:3,get
FN:4,get
FN:5,get
FN:6,get
FN:7,get
FN:8,get
FN:9,get
FNF:9
FNH:7
FNDA:8,get
FNDA:0,get
FNDA:4,get
FNDA:0,get
FNDA:4,get
FNDA:4,get
FNDA:4,get
FNDA:8,get
FNDA:4,get
DA:1,10
DA:2,2
DA:3,6
DA:4,2
DA:5,6
DA:6,6
DA:7,6
DA:8,10
DA:9,6
LF:9
LH:9
BRF:0
BRH:0
end_of_record
TN:
SF:src\pages\NewEquipment\NewEquipment.tsx
FN:24,NewEquipment
FN:59,(anonymous_14)
FN:60,getExistingEquipmentToEdit
FN:72,(anonymous_16)
FN:73,(anonymous_17)
FN:86,(anonymous_18)
FN:102,(anonymous_19)
FN:108,(anonymous_20)
FN:113,cancelImage
FN:121,handleDescriptionChange
FN:124,handleNameChange
FN:128,handleSubmit
FN:158,handleTypeChange
FN:161,makeCrops
FN:161,_callee
FN:178,onCropChange
FN:180,onCropComplete
FN:182,onImageLoaded
FN:184,onSelectFile
FN:191,(anonymous_33)
FN:195,valid
FN:200,(anonymous_35)
FN:208,(anonymous_36)
FN:216,(anonymous_37)
FN:276,mapStateToProps
FN:286,staffCreateNewEquipment
FN:288,staffEditEquipment
FN:290,userCreateNewPrivateEquipment
FN:292,userEditPrivateEquipment
FNF:29
FNH:4
FNDA:4,NewEquipment
FNDA:2,(anonymous_14)
FNDA:1,getExistingEquipmentToEdit
FNDA:0,(anonymous_16)
FNDA:0,(anonymous_17)
FNDA:2,(anonymous_18)
FNDA:0,(anonymous_19)
FNDA:0,(anonymous_20)
FNDA:0,cancelImage
FNDA:0,handleDescriptionChange
FNDA:0,handleNameChange
FNDA:0,handleSubmit
FNDA:0,handleTypeChange
FNDA:0,makeCrops
FNDA:0,_callee
FNDA:0,onCropChange
FNDA:0,onCropComplete
FNDA:0,onImageLoaded
FNDA:0,onSelectFile
FNDA:0,(anonymous_33)
FNDA:0,valid
FNDA:0,(anonymous_35)
FNDA:0,(anonymous_36)
FNDA:0,(anonymous_37)
FNDA:0,mapStateToProps
FNDA:0,staffCreateNewEquipment
FNDA:0,staffEditEquipment
FNDA:0,userCreateNewPrivateEquipment
FNDA:0,userEditPrivateEquipment
DA:1,2
DA:3,2
DA:4,2
DA:6,2
DA:10,2
DA:14,2
DA:22,2
DA:24,2
DA:37,160
DA:38,4
DA:39,4
DA:41,4
DA:42,4
DA:44,4
DA:45,4
DA:46,4
DA:47,4
DA:48,4
DA:49,4
DA:50,4
DA:51,4
DA:53,4
DA:54,4
DA:55,4
DA:57,4
DA:59,4
DA:60,2
DA:61,1
DA:62,1
DA:64,1
DA:65,1
DA:68,0
DA:69,0
DA:71,0
DA:72,0
DA:73,0
DA:75,0
DA:76,0
DA:77,0
DA:78,0
DA:79,0
DA:80,0
DA:83,2
DA:86,4
DA:87,2
DA:89,2
DA:90,2
DA:91,2
DA:94,2
DA:96,2
DA:98,2
DA:102,0
DA:105,2
DA:108,2
DA:109,0
DA:113,4
DA:114,0
DA:115,0
DA:116,0
DA:117,0
DA:118,0
DA:121,4
DA:124,4
DA:128,4
DA:129,0
DA:130,0
DA:131,0
DA:132,0
DA:142,0
DA:143,0
DA:145,0
DA:153,0
DA:154,0
DA:158,4
DA:161,4
DA:165,0
DA:166,0
DA:167,0
DA:168,0
DA:172,0
DA:173,0
DA:174,0
DA:175,0
DA:178,4
DA:180,4
DA:182,4
DA:184,4
DA:185,0
DA:187,0
DA:189,0
DA:191,0
DA:192,0
DA:195,4
DA:196,0
DA:197,0
DA:198,0
DA:199,0
DA:200,0
DA:201,0
DA:204,0
DA:205,0
DA:206,0
DA:207,0
DA:208,0
DA:209,0
DA:212,0
DA:213,0
DA:214,0
DA:215,0
DA:216,0
DA:217,0
DA:220,0
DA:223,4
DA:276,2
DA:285,2
DA:286,0
DA:288,0
DA:290,0
DA:292,0
DA:296,2
DA:298,2
LF:121
LH:58
BRDA:61,0,0,1
BRDA:61,0,1,0
BRDA:63,1,0,0
BRDA:63,1,1,1
BRDA:72,2,0,0
BRDA:72,2,1,0
BRDA:83,3,0,1
BRDA:83,3,1,1
BRDA:89,4,0,2
BRDA:89,4,1,0
BRDA:90,5,0,0
BRDA:90,5,1,2
BRDA:92,6,0,0
BRDA:92,6,1,2
BRDA:94,7,0,2
BRDA:94,7,1,0
BRDA:98,8,0,0
BRDA:98,8,1,2
BRDA:99,9,0,2
BRDA:99,9,1,2
BRDA:129,10,0,0
BRDA:129,10,1,0
BRDA:131,11,0,0
BRDA:131,11,1,0
BRDA:131,12,0,0
BRDA:131,12,1,0
BRDA:142,13,0,0
BRDA:142,13,1,0
BRDA:153,14,0,0
BRDA:153,14,1,0
BRDA:161,15,0,0
BRDA:161,15,1,0
BRDA:161,15,2,0
BRDA:161,15,3,0
BRDA:161,15,4,0
BRDA:161,15,5,0
BRDA:161,15,6,0
BRDA:161,15,7,0
BRDA:161,16,0,0
BRDA:161,16,1,0
BRDA:162,17,0,0
BRDA:162,17,1,0
BRDA:170,18,0,0
BRDA:170,18,1,0
BRDA:187,19,0,0
BRDA:187,19,1,0
BRDA:187,20,0,0
BRDA:187,20,1,0
BRDA:197,21,0,0
BRDA:197,21,1,0
BRDA:205,22,0,0
BRDA:205,22,1,0
BRDA:213,23,0,0
BRDA:213,23,1,0
BRDA:220,24,0,0
BRDA:220,24,1,0
BRDA:220,24,2,0
BRF:57
BRH:11
end_of_record
TN:
SF:src\pages\NewEquipment\NewEquipmentView.tsx
FN:10,NewEquipmentView
FN:69,(anonymous_2)
FNF:2
FNH:2
FNDA:7,NewEquipmentView
FNDA:14,(anonymous_2)
DA:1,3
DA:2,3
DA:3,3
DA:4,3
DA:6,3
DA:8,3
DA:10,3
DA:34,7
DA:36,7
DA:39,7
DA:42,7
DA:44,7
DA:69,14
LF:13
LH:13
BRDA:37,0,0,0
BRDA:37,0,1,7
BRDA:40,1,0,0
BRDA:40,1,1,7
BRDA:40,2,0,0
BRDA:40,2,1,0
BRDA:41,3,0,3
BRDA:41,3,1,4
BRDA:42,4,0,0
BRDA:42,4,1,7
BRDA:97,5,0,7
BRDA:97,5,1,7
BRDA:101,6,0,4
BRDA:101,6,1,3
BRDA:102,7,0,3
BRDA:102,7,1,3
BRDA:113,8,0,7
BRDA:113,8,1,0
BRF:18
BRH:12
end_of_record
TN:
SF:src\pages\NewIngredient\NewIngredient.tsx
FN:24,NewIngredient
FN:59,(anonymous_14)
FN:60,getExistingIngredientToEdit
FN:72,(anonymous_16)
FN:73,(anonymous_17)
FN:86,(anonymous_18)
FN:102,(anonymous_19)
FN:108,(anonymous_20)
FN:113,cancelImage
FN:121,handleDescriptionChange
FN:124,handleNameChange
FN:128,handleSubmit
FN:158,handleTypeChange
FN:161,makeCrops
FN:161,_callee
FN:178,onCropChange
FN:180,onCropComplete
FN:182,onImageLoaded
FN:184,onSelectFile
FN:191,(anonymous_33)
FN:195,valid
FN:200,(anonymous_35)
FN:208,(anonymous_36)
FN:216,(anonymous_37)
FN:276,mapStateToProps
FN:286,staffCreateNewIngredient
FN:288,staffEditIngredient
FN:290,userCreateNewPrivateIngredient
FN:292,userEditPrivateIngredient
FNF:29
FNH:4
FNDA:4,NewIngredient
FNDA:2,(anonymous_14)
FNDA:1,getExistingIngredientToEdit
FNDA:0,(anonymous_16)
FNDA:0,(anonymous_17)
FNDA:2,(anonymous_18)
FNDA:0,(anonymous_19)
FNDA:0,(anonymous_20)
FNDA:0,cancelImage
FNDA:0,handleDescriptionChange
FNDA:0,handleNameChange
FNDA:0,handleSubmit
FNDA:0,handleTypeChange
FNDA:0,makeCrops
FNDA:0,_callee
FNDA:0,onCropChange
FNDA:0,onCropComplete
FNDA:0,onImageLoaded
FNDA:0,onSelectFile
FNDA:0,(anonymous_33)
FNDA:0,valid
FNDA:0,(anonymous_35)
FNDA:0,(anonymous_36)
FNDA:0,(anonymous_37)
FNDA:0,mapStateToProps
FNDA:0,staffCreateNewIngredient
FNDA:0,staffEditIngredient
FNDA:0,userCreateNewPrivateIngredient
FNDA:0,userEditPrivateIngredient
DA:1,2
DA:3,2
DA:4,2
DA:6,2
DA:10,2
DA:14,2
DA:22,2
DA:24,2
DA:37,160
DA:38,4
DA:39,4
DA:41,4
DA:42,4
DA:44,4
DA:45,4
DA:46,4
DA:47,4
DA:48,4
DA:49,4
DA:50,4
DA:51,4
DA:53,4
DA:54,4
DA:55,4
DA:57,4
DA:59,4
DA:60,2
DA:61,1
DA:62,1
DA:64,1
DA:65,1
DA:68,0
DA:69,0
DA:71,0
DA:72,0
DA:73,0
DA:75,0
DA:76,0
DA:77,0
DA:78,0
DA:79,0
DA:80,0
DA:83,2
DA:86,4
DA:87,2
DA:89,2
DA:90,2
DA:91,2
DA:94,2
DA:96,2
DA:98,2
DA:102,0
DA:105,2
DA:108,2
DA:109,0
DA:113,4
DA:114,0
DA:115,0
DA:116,0
DA:117,0
DA:118,0
DA:121,4
DA:124,4
DA:128,4
DA:129,0
DA:130,0
DA:131,0
DA:132,0
DA:142,0
DA:143,0
DA:145,0
DA:153,0
DA:154,0
DA:158,4
DA:161,4
DA:165,0
DA:166,0
DA:167,0
DA:168,0
DA:172,0
DA:173,0
DA:174,0
DA:175,0
DA:178,4
DA:180,4
DA:182,4
DA:184,4
DA:185,0
DA:187,0
DA:189,0
DA:191,0
DA:192,0
DA:195,4
DA:196,0
DA:197,0
DA:198,0
DA:199,0
DA:200,0
DA:201,0
DA:204,0
DA:205,0
DA:206,0
DA:207,0
DA:208,0
DA:209,0
DA:212,0
DA:213,0
DA:214,0
DA:215,0
DA:216,0
DA:217,0
DA:220,0
DA:223,4
DA:276,2
DA:285,2
DA:286,0
DA:288,0
DA:290,0
DA:292,0
DA:296,2
DA:298,2
LF:121
LH:58
BRDA:61,0,0,1
BRDA:61,0,1,0
BRDA:63,1,0,0
BRDA:63,1,1,1
BRDA:72,2,0,0
BRDA:72,2,1,0
BRDA:83,3,0,1
BRDA:83,3,1,1
BRDA:89,4,0,2
BRDA:89,4,1,0
BRDA:90,5,0,0
BRDA:90,5,1,2
BRDA:92,6,0,0
BRDA:92,6,1,2
BRDA:94,7,0,2
BRDA:94,7,1,0
BRDA:98,8,0,0
BRDA:98,8,1,2
BRDA:99,9,0,2
BRDA:99,9,1,2
BRDA:129,10,0,0
BRDA:129,10,1,0
BRDA:131,11,0,0
BRDA:131,11,1,0
BRDA:131,12,0,0
BRDA:131,12,1,0
BRDA:142,13,0,0
BRDA:142,13,1,0
BRDA:153,14,0,0
BRDA:153,14,1,0
BRDA:161,15,0,0
BRDA:161,15,1,0
BRDA:161,15,2,0
BRDA:161,15,3,0
BRDA:161,15,4,0
BRDA:161,15,5,0
BRDA:161,15,6,0
BRDA:161,15,7,0
BRDA:161,16,0,0
BRDA:161,16,1,0
BRDA:162,17,0,0
BRDA:162,17,1,0
BRDA:170,18,0,0
BRDA:170,18,1,0
BRDA:187,19,0,0
BRDA:187,19,1,0
BRDA:187,20,0,0
BRDA:187,20,1,0
BRDA:197,21,0,0
BRDA:197,21,1,0
BRDA:205,22,0,0
BRDA:205,22,1,0
BRDA:213,23,0,0
BRDA:213,23,1,0
BRDA:220,24,0,0
BRDA:220,24,1,0
BRDA:220,24,2,0
BRF:57
BRH:11
end_of_record
TN:
SF:src\pages\NewIngredient\NewIngredientView.tsx
FN:10,NewIngredientView
FN:69,(anonymous_2)
FNF:2
FNH:2
FNDA:7,NewIngredientView
FNDA:14,(anonymous_2)
DA:1,3
DA:2,3
DA:3,3
DA:4,3
DA:6,3
DA:8,3
DA:10,3
DA:34,7
DA:36,7
DA:39,7
DA:42,7
DA:44,7
DA:69,14
LF:13
LH:13
BRDA:37,0,0,0
BRDA:37,0,1,7
BRDA:40,1,0,0
BRDA:40,1,1,7
BRDA:40,2,0,0
BRDA:40,2,1,0
BRDA:41,3,0,3
BRDA:41,3,1,4
BRDA:42,4,0,0
BRDA:42,4,1,7
BRDA:97,5,0,7
BRDA:97,5,1,7
BRDA:101,6,0,4
BRDA:101,6,1,3
BRDA:102,7,0,3
BRDA:102,7,1,3
BRDA:113,8,0,7
BRDA:113,8,1,0
BRF:18
BRH:12
end_of_record
TN:
SF:src\pages\NewPlan\NewPlan.tsx
FN:22,NewPlan
FN:54,(anonymous_7)
FN:55,getExistingPlanToEdit
FN:59,(anonymous_9)
FN:76,(anonymous_10)
FN:85,(anonymous_11)
FN:94,(anonymous_12)
FN:99,activateModal
FN:101,deactivateModal
FN:103,discardChanges
FN:109,getApplicationNode
FN:114,getPlanData
FN:116,handlePlanNameChange
FN:121,(anonymous_19)
FN:127,handleTabClick
FN:131,valid
FN:138,(anonymous_22)
FN:145,(anonymous_23)
FN:152,handleSubmit
FN:250,mapStateToProps
FN:266,plannerClearWork
FN:267,plannerSetCreating
FN:268,plannerSetEditingId
FN:269,plannerSetPlanData
FN:270,plannerSetPlanName
FN:271,userCreateNewPlan
FN:273,userEditPlan
FNF:27
FNH:0
FNDA:0,NewPlan
FNDA:0,(anonymous_7)
FNDA:0,getExistingPlanToEdit
FNDA:0,(anonymous_9)
FNDA:0,(anonymous_10)
FNDA:0,(anonymous_11)
FNDA:0,(anonymous_12)
FNDA:0,activateModal
FNDA:0,deactivateModal
FNDA:0,discardChanges
FNDA:0,getApplicationNode
FNDA:0,getPlanData
FNDA:0,handlePlanNameChange
FNDA:0,(anonymous_19)
FNDA:0,handleTabClick
FNDA:0,valid
FNDA:0,(anonymous_22)
FNDA:0,(anonymous_23)
FNDA:0,handleSubmit
FNDA:0,mapStateToProps
FNDA:0,plannerClearWork
FNDA:0,plannerSetCreating
FNDA:0,plannerSetEditingId
FNDA:0,plannerSetPlanData
FNDA:0,plannerSetPlanName
FNDA:0,userCreateNewPlan
FNDA:0,userEditPlan
DA:1,1
DA:2,1
DA:3,1
DA:7,1
DA:14,1
DA:20,1
DA:22,1
DA:45,0
DA:46,0
DA:47,0
DA:49,0
DA:50,0
DA:51,0
DA:52,0
DA:54,0
DA:55,0
DA:56,0
DA:57,0
DA:59,0
DA:61,0
DA:62,0
DA:63,0
DA:64,0
DA:67,0
DA:68,0
DA:69,0
DA:71,0
DA:72,0
DA:76,0
DA:77,0
DA:79,0
DA:80,0
DA:82,0
DA:84,0
DA:85,0
DA:86,0
DA:87,0
DA:91,0
DA:94,0
DA:95,0
DA:99,0
DA:101,0
DA:103,0
DA:104,0
DA:105,0
DA:106,0
DA:109,0
DA:110,0
DA:114,0
DA:116,0
DA:117,0
DA:118,0
DA:119,0
DA:120,0
DA:121,0
DA:122,0
DA:124,0
DA:127,0
DA:128,0
DA:131,0
DA:132,0
DA:133,0
DA:135,0
DA:136,0
DA:137,0
DA:138,0
DA:139,0
DA:142,0
DA:143,0
DA:144,0
DA:145,0
DA:146,0
DA:149,0
DA:152,0
DA:153,0
DA:155,0
DA:157,0
DA:158,0
DA:159,0
DA:161,0
DA:162,0
DA:193,0
DA:250,1
DA:265,1
DA:266,0
DA:267,0
DA:268,0
DA:269,0
DA:270,0
DA:271,0
DA:273,0
DA:276,1
DA:278,1
LF:93
LH:11
BRDA:67,0,0,0
BRDA:67,0,1,0
BRDA:79,1,0,0
BRDA:79,1,1,0
BRDA:80,2,0,0
BRDA:80,2,1,0
BRDA:84,3,0,0
BRDA:84,3,1,0
BRDA:84,4,0,0
BRDA:84,4,1,0
BRDA:118,5,0,0
BRDA:118,5,1,0
BRDA:135,6,0,0
BRDA:135,6,1,0
BRDA:142,7,0,0
BRDA:142,7,1,0
BRDA:149,8,0,0
BRDA:149,8,1,0
BRDA:153,9,0,0
BRDA:153,9,1,0
BRDA:157,10,0,0
BRDA:157,10,1,0
BRF:22
BRH:0
end_of_record
TN:
SF:src\pages\NewPlan\NewPlanPage.tsx
FN:5,(anonymous_7)
FN:5,(anonymous_8)
FN:8,NewPlanPage
FNF:3
FNH:2
FNDA:1,(anonymous_7)
FNDA:1,(anonymous_8)
FNDA:0,NewPlanPage
DA:1,1
DA:2,1
DA:5,1
DA:6,1
DA:8,1
DA:11,0
DA:12,0
LF:7
LH:5
BRF:0
BRH:0
end_of_record
TN:
SF:src\pages\NewPlan\NewPlanView.tsx
FN:18,NewPlanView
FN:42,(anonymous_8)
FN:57,(anonymous_9)
FN:84,(anonymous_10)
FN:108,(anonymous_11)
FN:115,TabButton
FN:123,onClick
FNF:7
FNH:0
FNDA:0,NewPlanView
FNDA:0,(anonymous_8)
FNDA:0,(anonymous_9)
FNDA:0,(anonymous_10)
FNDA:0,(anonymous_11)
FNDA:0,TabButton
FNDA:0,onClick
DA:1,1
DA:2,1
DA:3,1
DA:4,1
DA:6,1
DA:9,1
DA:10,1
DA:13,1
DA:14,1
DA:15,1
DA:16,1
DA:18,1
DA:41,0
DA:42,0
DA:43,0
DA:57,0
DA:84,0
DA:85,0
DA:92,0
DA:103,0
DA:108,0
DA:115,0
DA:123,0
DA:129,0
LF:24
LH:12
BRDA:73,0,0,0
BRDA:73,0,1,0
BRDA:77,1,0,0
BRDA:77,1,1,0
BRDA:119,2,0,0
BRDA:119,2,1,0
BRDA:135,3,0,0
BRDA:135,3,1,0
BRDA:145,4,0,0
BRDA:145,4,1,0
BRDA:205,5,0,0
BRDA:205,5,1,0
BRF:12
BRH:0
end_of_record
TN:
SF:src\pages\NewPlan\components\Day.tsx
FN:14,drop
FN:27,collect
FN:35,Day
FN:46,handleClickDay
FN:56,(anonymous_5)
FN:85,plannerAddRecipeToDay
FN:87,plannerClickDay
FNF:7
FNH:0
FNDA:0,drop
FNDA:0,collect
FNDA:0,Day
FNDA:0,handleClickDay
FNDA:0,(anonymous_5)
FNDA:0,plannerAddRecipeToDay
FNDA:0,plannerClickDay
DA:1,1
DA:2,1
DA:3,1
DA:6,1
DA:10,1
DA:12,1
DA:14,1
DA:16,0
DA:17,0
DA:19,0
DA:20,0
DA:23,0
DA:28,0
DA:35,1
DA:43,0
DA:44,0
DA:46,0
DA:48,0
DA:56,0
DA:84,1
DA:85,0
DA:87,0
DA:90,1
DA:92,1
LF:24
LH:11
BRDA:19,0,0,0
BRDA:19,0,1,0
BRDA:44,1,0,0
BRDA:44,1,1,0
BRDA:44,2,0,0
BRDA:44,2,1,0
BRDA:50,3,0,0
BRDA:50,3,1,0
BRDA:48,4,0,0
BRDA:48,4,1,0
BRF:10
BRH:0
end_of_record
TN:
SF:src\pages\NewPlan\components\ExpandedDay.tsx
FN:14,drop
FN:27,collect
FN:35,ExpandedDay
FN:46,handleClickDay
FN:56,(anonymous_5)
FN:85,plannerAddRecipeToDay
FN:87,plannerClickDay
FNF:7
FNH:0
FNDA:0,drop
FNDA:0,collect
FNDA:0,ExpandedDay
FNDA:0,handleClickDay
FNDA:0,(anonymous_5)
FNDA:0,plannerAddRecipeToDay
FNDA:0,plannerClickDay
DA:1,1
DA:2,1
DA:3,1
DA:5,1
DA:10,1
DA:12,1
DA:14,1
DA:16,0
DA:17,0
DA:19,0
DA:20,0
DA:23,0
DA:28,0
DA:35,1
DA:43,0
DA:44,0
DA:46,0
DA:48,0
DA:56,0
DA:84,1
DA:85,0
DA:87,0
DA:90,1
DA:92,1
LF:24
LH:11
BRDA:19,0,0,0
BRDA:19,0,1,0
BRDA:44,1,0,0
BRDA:44,1,1,0
BRDA:44,2,0,0
BRDA:44,2,1,0
BRDA:50,3,0,0
BRDA:50,3,1,0
BRF:8
BRH:0
end_of_record
TN:
SF:src\pages\NewPlan\components\Recipe.tsx
FN:19,Recipe
FN:34,collect
FN:35,end
FN:55,hover
FN:117,plannerRemoveRecipeFromDay
FN:119,plannerReorderRecipeInDay
FNF:6
FNH:0
FNDA:0,Recipe
FNDA:0,collect
FNDA:0,end
FNDA:0,hover
FNDA:0,plannerRemoveRecipeFromDay
FNDA:0,plannerReorderRecipeInDay
DA:2,1
DA:3,1
DA:9,1
DA:11,1
DA:17,1
DA:19,1
DA:30,0
DA:31,0
DA:33,0
DA:34,0
DA:36,0
DA:37,0
DA:38,0
DA:39,0
DA:53,0
DA:56,0
DA:58,0
DA:60,0
DA:62,0
DA:64,0
DA:66,0
DA:67,0
DA:69,0
DA:71,0
DA:73,0
DA:74,0
DA:75,0
DA:77,0
DA:78,0
DA:80,0
DA:81,0
DA:85,0
DA:87,0
DA:116,1
DA:117,0
DA:119,0
DA:123,1
DA:125,1
LF:38
LH:9
BRDA:37,0,0,0
BRDA:37,0,1,0
BRDA:38,1,0,0
BRDA:38,1,1,0
BRDA:38,2,0,0
BRDA:38,2,1,0
BRDA:56,3,0,0
BRDA:56,3,1,0
BRDA:58,4,0,0
BRDA:58,4,1,0
BRDA:60,5,0,0
BRDA:60,5,1,0
BRDA:64,6,0,0
BRDA:64,6,1,0
BRDA:69,7,0,0
BRDA:69,7,1,0
BRDA:71,8,0,0
BRDA:71,8,1,0
BRDA:71,9,0,0
BRDA:71,9,1,0
BRDA:77,10,0,0
BRDA:77,10,1,0
BRDA:77,11,0,0
BRDA:77,11,1,0
BRDA:78,12,0,0
BRDA:78,12,1,0
BRDA:78,13,0,0
BRDA:78,13,1,0
BRF:28
BRH:0
end_of_record
TN:
SF:src\pages\NewPlan\components\Recipes.tsx
FN:14,drop
FN:21,collect
FN:29,Recipes
FN:36,(anonymous_4)
FN:61,plannerAddRecipeToDay
FN:63,plannerRemoveRecipeFromDay
FNF:6
FNH:0
FNDA:0,drop
FNDA:0,collect
FNDA:0,Recipes
FNDA:0,(anonymous_4)
FNDA:0,plannerAddRecipeToDay
FNDA:0,plannerRemoveRecipeFromDay
DA:1,1
DA:2,1
DA:3,1
DA:5,1
DA:10,1
DA:12,1
DA:14,1
DA:16,0
DA:17,0
DA:22,0
DA:29,1
DA:36,0
DA:60,1
DA:61,0
DA:63,0
DA:67,1
DA:69,1
LF:17
LH:11
BRF:0
BRH:0
end_of_record
TN:
SF:src\pages\NewRecipe\NewRecipe.tsx
FN:44,NewRecipe
FN:167,(anonymous_15)
FN:168,getExistingRecipeToEdit
FN:168,_callee
FN:220,(anonymous_19)
FN:222,(anonymous_20)
FN:225,(anonymous_21)
FN:247,(anonymous_22)
FN:263,(anonymous_23)
FN:269,(anonymous_24)
FN:274,addEquipmentRow
FN:280,addIngredientRow
FN:286,addSubrecipeRow
FN:293,cancelCookingImage
FN:299,cancelEquipmentImage
FN:305,cancelIngredientsImage
FN:311,cancelRecipeImage
FN:321,getRequiredEquipment
FN:323,(anonymous_33)
FN:329,getRequiredIngredients
FN:331,(anonymous_35)
FN:338,getCheckedMethods
FN:340,(anonymous_37)
FN:346,getRequiredSubrecipes
FN:348,(anonymous_39)
FN:355,handleCuisineChange
FN:358,handleDescriptionChange
FN:361,handleDirectionsChange
FN:364,handleEquipmentRowChange
FN:369,(anonymous_44)
FN:376,handleIngredientRowChange
FN:381,(anonymous_46)
FN:388,handleMethodsChange
FN:390,(anonymous_48)
FN:393,handleRecipeTypeChange
FN:396,handleSubmit
FN:489,handleSubrecipeRowChange
FN:494,(anonymous_52)
FN:501,handleTitleChange
FN:504,makeCookingCrops
FN:504,_callee2
FN:517,makeEquipmentCrops
FN:517,_callee3
FN:530,makeIngredientsCrops
FN:530,_callee4
FN:543,makeRecipeCrops
FN:543,_callee5
FN:566,onCookingCropChange
FN:568,onCookingCropComplete
FN:570,onCookingImageLoaded
FN:573,onEquipmentCropChange
FN:575,onEquipmentCropComplete
FN:577,onEquipmentImageLoaded
FN:580,onIngredientsCropChange
FN:582,onIngredientsCropComplete
FN:584,onIngredientsImageLoaded
FN:587,onRecipeCropChange
FN:589,onRecipeCropComplete
FN:591,onRecipeImageLoaded
FN:594,onSelectCookingFile
FN:600,(anonymous_79)
FN:604,onSelectEquipmentFile
FN:611,(anonymous_81)
FN:615,onSelectIngredientsFile
FN:622,(anonymous_83)
FN:626,onSelectRecipeFile
FN:632,(anonymous_85)
FN:636,removeEquipmentRow
FN:637,(anonymous_87)
FN:641,removeIngredientRow
FN:642,(anonymous_89)
FN:646,removeSubrecipeRow
FN:647,(anonymous_91)
FN:651,setRequiredEquipment
FN:652,(anonymous_93)
FN:661,setRequiredIngredients
FN:662,(anonymous_95)
FN:672,setRequiredSubrecipes
FN:673,(anonymous_97)
FN:910,mapStateToProps
FN:932,staffCreateNewRecipe
FN:934,staffEditRecipe
FN:936,userCreateNewPrivateRecipe
FN:938,userCreateNewPublicRecipe
FN:940,userEditPrivateRecipe
FN:942,userEditPublicRecipe
FNF:86
FNH:5
FNDA:8,NewRecipe
FNDA:4,(anonymous_15)
FNDA:2,getExistingRecipeToEdit
FNDA:6,_callee
FNDA:0,(anonymous_19)
FNDA:0,(anonymous_20)
FNDA:0,(anonymous_21)
FNDA:4,(anonymous_22)
FNDA:0,(anonymous_23)
FNDA:0,(anonymous_24)
FNDA:0,addEquipmentRow
FNDA:0,addIngredientRow
FNDA:0,addSubrecipeRow
FNDA:0,cancelCookingImage
FNDA:0,cancelEquipmentImage
FNDA:0,cancelIngredientsImage
FNDA:0,cancelRecipeImage
FNDA:0,getRequiredEquipment
FNDA:0,(anonymous_33)
FNDA:0,getRequiredIngredients
FNDA:0,(anonymous_35)
FNDA:0,getCheckedMethods
FNDA:0,(anonymous_37)
FNDA:0,getRequiredSubrecipes
FNDA:0,(anonymous_39)
FNDA:0,handleCuisineChange
FNDA:0,handleDescriptionChange
FNDA:0,handleDirectionsChange
FNDA:0,handleEquipmentRowChange
FNDA:0,(anonymous_44)
FNDA:0,handleIngredientRowChange
FNDA:0,(anonymous_46)
FNDA:0,handleMethodsChange
FNDA:0,(anonymous_48)
FNDA:0,handleRecipeTypeChange
FNDA:0,handleSubmit
FNDA:0,handleSubrecipeRowChange
FNDA:0,(anonymous_52)
FNDA:0,handleTitleChange
FNDA:0,makeCookingCrops
FNDA:0,_callee2
FNDA:0,makeEquipmentCrops
FNDA:0,_callee3
FNDA:0,makeIngredientsCrops
FNDA:0,_callee4
FNDA:0,makeRecipeCrops
FNDA:0,_callee5
FNDA:0,onCookingCropChange
FNDA:0,onCookingCropComplete
FNDA:0,onCookingImageLoaded
FNDA:0,onEquipmentCropChange
FNDA:0,onEquipmentCropComplete
FNDA:0,onEquipmentImageLoaded
FNDA:0,onIngredientsCropChange
FNDA:0,onIngredientsCropComplete
FNDA:0,onIngredientsImageLoaded
FNDA:0,onRecipeCropChange
FNDA:0,onRecipeCropComplete
FNDA:0,onRecipeImageLoaded
FNDA:0,onSelectCookingFile
FNDA:0,(anonymous_79)
FNDA:0,onSelectEquipmentFile
FNDA:0,(anonymous_81)
FNDA:0,onSelectIngredientsFile
FNDA:0,(anonymous_83)
FNDA:0,onSelectRecipeFile
FNDA:0,(anonymous_85)
FNDA:0,removeEquipmentRow
FNDA:0,(anonymous_87)
FNDA:0,removeIngredientRow
FNDA:0,(anonymous_89)
FNDA:0,removeSubrecipeRow
FNDA:0,(anonymous_91)
FNDA:0,setRequiredEquipment
FNDA:0,(anonymous_93)
FNDA:0,setRequiredIngredients
FNDA:0,(anonymous_95)
FNDA:0,setRequiredSubrecipes
FNDA:0,(anonymous_97)
FNDA:0,mapStateToProps
FNDA:0,staffCreateNewRecipe
FNDA:0,staffEditRecipe
FNDA:0,userCreateNewPrivateRecipe
FNDA:0,userCreateNewPublicRecipe
FNDA:0,userEditPrivateRecipe
FNDA:0,userEditPublicRecipe
DA:1,2
DA:2,2
DA:4,2
DA:5,2
DA:6,2
DA:8,2
DA:21,2
DA:25,2
DA:36,2
DA:39,2
DA:40,2
DA:42,2
DA:44,2
DA:72,872
DA:73,8
DA:74,8
DA:76,8
DA:77,8
DA:85,8
DA:86,8
DA:87,8
DA:88,8
DA:89,8
DA:90,8
DA:91,8
DA:98,8
DA:103,8
DA:108,8
DA:111,8
DA:113,8
DA:114,8
DA:115,8
DA:116,8
DA:119,8
DA:121,8
DA:123,8
DA:126,8
DA:128,8
DA:130,8
DA:133,8
DA:135,8
DA:136,8
DA:144,8
DA:145,8
DA:146,8
DA:147,8
DA:150,8
DA:151,8
DA:154,8
DA:155,8
DA:157,8
DA:158,8
DA:162,8
DA:163,8
DA:164,8
DA:165,8
DA:167,8
DA:168,16
DA:170,2
DA:172,2
DA:176,0
DA:177,0
DA:179,0
DA:182,0
DA:183,0
DA:185,0
DA:187,0
DA:189,0
DA:194,0
DA:209,0
DA:210,0
DA:211,0
DA:212,0
DA:213,0
DA:214,0
DA:217,0
DA:219,0
DA:220,0
DA:222,0
DA:223,0
DA:225,0
DA:226,0
DA:229,0
DA:233,0
DA:234,0
DA:235,0
DA:236,0
DA:237,0
DA:238,0
DA:239,0
DA:241,0
DA:244,4
DA:247,8
DA:248,4
DA:250,4
DA:251,4
DA:252,4
DA:255,4
DA:257,4
DA:259,4
DA:263,0
DA:266,4
DA:269,4
DA:270,0
DA:274,8
DA:275,0
DA:277,0
DA:280,8
DA:281,0
DA:283,0
DA:286,8
DA:287,0
DA:290,0
DA:293,8
DA:294,0
DA:295,0
DA:296,0
DA:299,8
DA:300,0
DA:301,0
DA:302,0
DA:305,8
DA:306,0
DA:307,0
DA:308,0
DA:311,8
DA:312,0
DA:313,0
DA:314,0
DA:315,0
DA:316,0
DA:317,0
DA:318,0
DA:321,8
DA:323,0
DA:329,8
DA:331,0
DA:338,8
DA:339,0
DA:340,0
DA:341,0
DA:343,0
DA:346,8
DA:348,0
DA:355,8
DA:358,8
DA:361,8
DA:364,8
DA:368,0
DA:369,0
DA:370,0
DA:371,0
DA:372,0
DA:373,0
DA:376,8
DA:380,0
DA:381,0
DA:382,0
DA:383,0
DA:384,0
DA:385,0
DA:388,8
DA:389,0
DA:390,0
DA:393,8
DA:396,8
DA:397,0
DA:412,0
DA:415,0
DA:417,0
DA:419,0
DA:447,0
DA:448,0
DA:450,0
DA:451,0
DA:456,0
DA:479,0
DA:480,0
DA:482,0
DA:483,0
DA:489,8
DA:493,0
DA:494,0
DA:495,0
DA:496,0
DA:497,0
DA:498,0
DA:501,8
DA:504,8
DA:508,0
DA:513,0
DA:514,0
DA:517,8
DA:521,0
DA:526,0
DA:527,0
DA:530,8
DA:534,0
DA:539,0
DA:540,0
DA:543,8
DA:547,0
DA:550,0
DA:553,0
DA:558,0
DA:559,0
DA:560,0
DA:561,0
DA:562,0
DA:563,0
DA:566,8
DA:568,8
DA:570,8
DA:573,8
DA:575,8
DA:577,8
DA:580,8
DA:582,8
DA:584,8
DA:587,8
DA:589,8
DA:591,8
DA:594,8
DA:595,0
DA:596,0
DA:598,0
DA:600,0
DA:601,0
DA:604,8
DA:605,0
DA:606,0
DA:608,0
DA:610,0
DA:611,0
DA:612,0
DA:615,8
DA:616,0
DA:617,0
DA:619,0
DA:621,0
DA:622,0
DA:623,0
DA:626,8
DA:627,0
DA:628,0
DA:630,0
DA:632,0
DA:633,0
DA:636,8
DA:637,0
DA:638,0
DA:641,8
DA:642,0
DA:643,0
DA:646,8
DA:647,0
DA:648,0
DA:651,8
DA:652,0
DA:658,0
DA:661,8
DA:662,0
DA:669,0
DA:672,8
DA:673,0
DA:681,0
DA:684,8
DA:910,2
DA:931,2
DA:932,0
DA:934,0
DA:936,0
DA:938,0
DA:940,0
DA:942,0
DA:946,2
DA:948,2
LF:277
LH:123
BRDA:168,0,0,2
BRDA:168,0,1,0
BRDA:168,0,2,0
BRDA:168,0,3,0
BRDA:168,0,4,0
BRDA:168,0,5,2
BRDA:168,1,0,0
BRDA:168,1,1,2
BRDA:169,2,0,2
BRDA:169,2,1,0
BRDA:169,2,2,0
BRDA:171,3,0,0
BRDA:171,3,1,2
BRDA:179,4,0,0
BRDA:179,4,1,0
BRDA:188,5,0,0
BRDA:188,5,1,0
BRDA:219,6,0,0
BRDA:219,6,1,0
BRDA:244,7,0,2
BRDA:244,7,1,2
BRDA:250,8,0,4
BRDA:250,8,1,0
BRDA:251,9,0,0
BRDA:251,9,1,4
BRDA:253,10,0,0
BRDA:253,10,1,4
BRDA:255,11,0,4
BRDA:255,11,1,0
BRDA:259,12,0,0
BRDA:259,12,1,4
BRDA:260,13,0,4
BRDA:260,13,1,4
BRDA:341,14,0,0
BRDA:341,14,1,0
BRDA:397,15,0,0
BRDA:397,15,1,0
BRDA:417,16,0,0
BRDA:417,16,1,0
BRDA:417,17,0,0
BRDA:417,17,1,0
BRDA:447,18,0,0
BRDA:447,18,1,0
BRDA:450,19,0,0
BRDA:450,19,1,0
BRDA:451,20,0,0
BRDA:451,20,1,0
BRDA:479,21,0,0
BRDA:479,21,1,0
BRDA:482,22,0,0
BRDA:482,22,1,0
BRDA:483,23,0,0
BRDA:483,23,1,0
BRDA:504,24,0,0
BRDA:504,24,1,0
BRDA:504,24,2,0
BRDA:504,24,3,0
BRDA:504,24,4,0
BRDA:504,24,5,0
BRDA:504,24,6,0
BRDA:504,25,0,0
BRDA:504,25,1,0
BRDA:505,26,0,0
BRDA:505,26,1,0
BRDA:517,27,0,0
BRDA:517,27,1,0
BRDA:517,27,2,0
BRDA:517,27,3,0
BRDA:517,27,4,0
BRDA:517,27,5,0
BRDA:517,27,6,0
BRDA:517,28,0,0
BRDA:517,28,1,0
BRDA:518,29,0,0
BRDA:518,29,1,0
BRDA:530,30,0,0
BRDA:530,30,1,0
BRDA:530,30,2,0
BRDA:530,30,3,0
BRDA:530,30,4,0
BRDA:530,30,5,0
BRDA:530,30,6,0
BRDA:530,31,0,0
BRDA:530,31,1,0
BRDA:531,32,0,0
BRDA:531,32,1,0
BRDA:543,33,0,0
BRDA:543,33,1,0
BRDA:543,33,2,0
BRDA:543,33,3,0
BRDA:543,33,4,0
BRDA:543,33,5,0
BRDA:543,33,6,0
BRDA:543,33,7,0
BRDA:543,33,8,0
BRDA:543,34,0,0
BRDA:543,34,1,0
BRDA:544,35,0,0
BRDA:544,35,1,0
BRDA:556,36,0,0
BRDA:556,36,1,0
BRDA:556,36,2,0
BRDA:596,37,0,0
BRDA:596,37,1,0
BRDA:596,38,0,0
BRDA:596,38,1,0
BRDA:606,39,0,0
BRDA:606,39,1,0
BRDA:606,40,0,0
BRDA:606,40,1,0
BRDA:617,41,0,0
BRDA:617,41,1,0
BRDA:617,42,0,0
BRDA:617,42,1,0
BRDA:628,43,0,0
BRDA:628,43,1,0
BRDA:628,44,0,0
BRDA:628,44,1,0
BRF:118
BRH:14
end_of_record
TN:
SF:src\pages\NewRecipe\NewRecipeView.tsx
FN:29,NewRecipeView
FN:204,(anonymous_2)
FN:222,(anonymous_3)
FN:257,(anonymous_4)
FN:264,onChange
FN:279,(anonymous_6)
FN:309,(anonymous_7)
FN:342,(anonymous_8)
FNF:8
FNH:6
FNDA:14,NewRecipeView
FNDA:28,(anonymous_2)
FNDA:28,(anonymous_3)
FNDA:28,(anonymous_4)
FNDA:0,onChange
FNDA:36,(anonymous_6)
FNDA:36,(anonymous_7)
FNDA:0,(anonymous_8)
DA:1,3
DA:3,3
DA:5,3
DA:6,3
DA:17,3
DA:18,3
DA:19,3
DA:20,3
DA:27,3
DA:29,3
DA:115,14
DA:117,14
DA:125,14
DA:127,14
DA:204,28
DA:222,28
DA:257,28
DA:264,0
DA:279,36
DA:309,36
DA:342,0
LF:21
LH:19
BRDA:118,0,0,0
BRDA:118,0,1,14
BRDA:119,1,0,0
BRDA:119,1,1,0
BRDA:121,2,0,6
BRDA:121,2,1,8
BRDA:122,3,0,3
BRDA:122,3,1,3
BRDA:124,4,0,5
BRDA:124,4,1,3
BRDA:125,5,0,0
BRDA:125,5,1,14
BRDA:260,6,0,0
BRDA:260,6,1,28
BRDA:284,7,0,20
BRDA:284,7,1,16
BRDA:316,8,0,20
BRDA:316,8,1,16
BRDA:350,9,0,0
BRDA:350,9,1,0
BRF:20
BRH:13
end_of_record
TN:
SF:src\pages\NewRecipe\components\EquipmentRow.tsx
FN:5,EquipmentRow
FN:26,onChange
FN:42,onChange
FN:55,onChange
FN:62,(anonymous_5)
FN:63,(anonymous_6)
FN:70,onClick
FNF:7
FNH:3
FNDA:29,EquipmentRow
FNDA:0,onChange
FNDA:0,onChange
FNDA:0,onChange
FNDA:58,(anonymous_5)
FNDA:5,(anonymous_6)
FNDA:0,onClick
DA:1,4
DA:5,4
DA:14,29
DA:15,29
DA:19,29
DA:26,0
DA:42,0
DA:55,0
DA:62,58
DA:63,5
DA:70,0
LF:11
LH:7
BRDA:17,0,0,0
BRDA:17,0,1,29
BRF:2
BRH:1
end_of_record
TN:
SF:src\pages\NewRecipe\components\ImageUploads.tsx
FN:5,ImageUploads
FNF:1
FNH:1
FNDA:9,ImageUploads
DA:1,4
DA:2,4
DA:3,4
DA:5,4
DA:46,9
DA:47,9
LF:6
LH:6
BRDA:54,0,0,9
BRDA:54,0,1,9
BRDA:58,1,0,5
BRDA:58,1,1,4
BRDA:59,2,0,4
BRDA:59,2,1,4
BRDA:71,3,0,9
BRDA:71,3,1,0
BRDA:119,4,0,9
BRDA:119,4,1,9
BRDA:123,5,0,5
BRDA:123,5,1,4
BRDA:124,6,0,4
BRDA:124,6,1,4
BRDA:136,7,0,9
BRDA:136,7,1,0
BRDA:179,8,0,9
BRDA:179,8,1,9
BRDA:183,9,0,5
BRDA:183,9,1,4
BRDA:184,10,0,4
BRDA:184,10,1,4
BRDA:196,11,0,9
BRDA:196,11,1,0
BRDA:239,12,0,9
BRDA:239,12,1,9
BRDA:243,13,0,5
BRDA:243,13,1,4
BRDA:244,14,0,4
BRDA:244,14,1,4
BRDA:256,15,0,9
BRDA:256,15,1,0
BRF:32
BRH:28
end_of_record
TN:
SF:src\pages\NewRecipe\components\IngredientRow.tsx
FN:11,IngredientRow
FN:37,onChange
FN:48,onChange
FN:53,(anonymous_4)
FN:62,onChange
FN:67,(anonymous_6)
FN:76,onChange
FN:83,(anonymous_8)
FN:84,(anonymous_9)
FN:91,onClick
FNF:10
FNH:5
FNDA:30,IngredientRow
FNDA:0,onChange
FNDA:0,onChange
FNDA:60,(anonymous_4)
FNDA:0,onChange
FNDA:60,(anonymous_6)
FNDA:0,onChange
FNDA:60,(anonymous_8)
FNDA:6,(anonymous_9)
FNDA:0,onClick
DA:1,4
DA:11,4
DA:23,30
DA:24,30
DA:28,30
DA:37,0
DA:48,0
DA:53,60
DA:62,0
DA:67,60
DA:76,0
DA:83,60
DA:84,6
DA:91,0
LF:14
LH:9
BRDA:26,0,0,0
BRDA:26,0,1,30
BRF:2
BRH:1
end_of_record
TN:
SF:src\pages\NewRecipe\components\SubrecipeRow.tsx
FN:10,SubrecipeRow
FN:36,(anonymous_2)
FN:45,(anonymous_3)
FN:63,onChange
FN:74,onChange
FN:79,(anonymous_6)
FN:88,onChange
FN:93,(anonymous_8)
FN:102,onChange
FN:107,(anonymous_10)
FN:118,onChange
FN:123,(anonymous_12)
FN:124,(anonymous_13)
FN:125,(anonymous_14)
FN:134,onClick
FNF:15
FNH:7
FNDA:9,SubrecipeRow
FNDA:0,(anonymous_2)
FNDA:0,(anonymous_3)
FNDA:0,onChange
FNDA:0,onChange
FNDA:18,(anonymous_6)
FNDA:0,onChange
FNDA:36,(anonymous_8)
FNDA:0,onChange
FNDA:36,(anonymous_10)
FNDA:0,onChange
FNDA:36,(anonymous_12)
FNDA:9,(anonymous_13)
FNDA:9,(anonymous_14)
FNDA:0,onClick
DA:1,4
DA:10,4
DA:29,9
DA:30,9
DA:36,0
DA:45,0
DA:54,9
DA:63,0
DA:74,0
DA:79,18
DA:88,0
DA:93,36
DA:102,0
DA:107,36
DA:118,0
DA:123,36
DA:124,9
DA:125,9
DA:134,0
LF:19
LH:11
BRDA:31,0,0,0
BRDA:31,0,1,9
BRDA:35,1,0,0
BRDA:35,1,1,9
BRDA:36,2,0,0
BRDA:36,2,1,0
BRDA:35,3,0,0
BRDA:35,3,1,0
BRDA:44,4,0,0
BRDA:44,4,1,9
BRDA:45,5,0,0
BRDA:45,5,1,0
BRDA:44,6,0,0
BRDA:44,6,1,0
BRDA:50,7,0,0
BRDA:50,7,1,9
BRF:16
BRH:4
end_of_record
TN:
SF:src\pages\NewRecipe\validation\validRecipeInfo.ts
FN:8,validRecipeInfo
FN:25,(anonymous_1)
FN:33,(anonymous_2)
FN:41,(anonymous_3)
FN:49,(anonymous_4)
FN:57,(anonymous_5)
FN:65,(anonymous_6)
FN:69,(anonymous_7)
FN:73,(anonymous_8)
FN:79,(anonymous_9)
FN:85,(anonymous_10)
FN:92,(anonymous_11)
FN:100,(anonymous_12)
FN:107,(anonymous_13)
FN:115,(anonymous_14)
FNF:15
FNH:2
FNDA:8,validRecipeInfo
FNDA:0,(anonymous_1)
FNDA:0,(anonymous_2)
FNDA:0,(anonymous_3)
FNDA:0,(anonymous_4)
FNDA:0,(anonymous_5)
FNDA:0,(anonymous_6)
FNDA:96,(anonymous_7)
FNDA:0,(anonymous_8)
FNDA:0,(anonymous_9)
FNDA:0,(anonymous_10)
FNDA:0,(anonymous_11)
FNDA:0,(anonymous_12)
FNDA:0,(anonymous_13)
FNDA:0,(anonymous_14)
DA:8,3
DA:20,8
DA:21,8
DA:22,8
DA:23,4
DA:24,4
DA:25,4
DA:26,4
DA:29,4
DA:30,4
DA:31,0
DA:32,0
DA:33,0
DA:34,0
DA:37,4
DA:38,4
DA:39,0
DA:40,0
DA:41,0
DA:42,0
DA:45,4
DA:46,4
DA:47,0
DA:48,0
DA:49,0
DA:50,0
DA:53,4
DA:54,4
DA:55,0
DA:56,0
DA:57,0
DA:58,0
DA:61,4
DA:62,4
DA:63,0
DA:64,0
DA:65,0
DA:66,0
DA:69,96
DA:70,4
DA:71,0
DA:72,0
DA:73,0
DA:74,0
DA:77,4
DA:78,4
DA:79,0
DA:80,0
DA:82,0
DA:83,0
DA:84,0
DA:85,0
DA:88,4
DA:90,4
DA:91,4
DA:92,0
DA:93,0
DA:94,0
DA:97,0
DA:98,0
DA:99,0
DA:100,0
DA:103,4
DA:105,4
DA:106,4
DA:107,0
DA:108,0
DA:109,0
DA:112,0
DA:113,0
DA:114,0
DA:115,0
DA:118,4
DA:120,4
LF:74
LH:30
BRDA:21,0,0,8
BRDA:21,0,1,4
BRDA:22,1,0,4
BRDA:22,1,1,4
BRDA:30,2,0,0
BRDA:30,2,1,4
BRDA:38,3,0,0
BRDA:38,3,1,4
BRDA:46,4,0,0
BRDA:46,4,1,4
BRDA:54,5,0,0
BRDA:54,5,1,4
BRDA:62,6,0,0
BRDA:62,6,1,4
BRDA:70,7,0,0
BRDA:70,7,1,4
BRDA:78,8,0,0
BRDA:78,8,1,4
BRDA:80,9,0,0
BRDA:80,9,1,0
BRDA:80,10,0,0
BRDA:80,10,1,0
BRDA:82,11,0,0
BRDA:82,11,1,0
BRDA:88,12,0,0
BRDA:88,12,1,4
BRDA:91,13,0,0
BRDA:91,13,1,4
BRDA:93,14,0,0
BRDA:93,14,1,0
BRDA:93,15,0,0
BRDA:93,15,1,0
BRDA:93,15,2,0
BRDA:97,16,0,0
BRDA:97,16,1,0
BRDA:103,17,0,0
BRDA:103,17,1,4
BRDA:106,18,0,0
BRDA:106,18,1,4
BRDA:108,19,0,0
BRDA:108,19,1,0
BRDA:108,20,0,0
BRDA:108,20,1,0
BRDA:108,20,2,0
BRDA:112,21,0,0
BRDA:112,21,1,0
BRDA:118,22,0,0
BRDA:118,22,1,4
BRDA:121,23,0,4
BRDA:121,23,1,4
BRDA:121,23,2,4
BRDA:121,23,3,4
BRDA:121,23,4,4
BRDA:121,23,5,4
BRDA:121,23,6,4
BRDA:121,23,7,4
BRDA:121,23,8,4
BRDA:121,23,9,4
BRF:58
BRH:26
end_of_record
TN:
SF:src\pages\NotFound\NotFound.tsx
FN:5,NotFound
FNF:1
FNH:0
FNDA:0,NotFound
DA:1,1
DA:3,1
DA:5,1
DA:6,0
LF:4
LH:3
BRF:0
BRH:0
end_of_record
TN:
SF:src\pages\Plan\Plan.tsx
FN:11,Plan
FN:24,(anonymous_7)
FN:25,getPlan
FN:27,(anonymous_9)
FN:68,mapStateToProps
FN:77,plannerViewLoad
FNF:6
FNH:0
FNDA:0,Plan
FNDA:0,(anonymous_7)
FNDA:0,getPlan
FNDA:0,(anonymous_9)
FNDA:0,mapStateToProps
FNDA:0,plannerViewLoad
DA:1,1
DA:2,1
DA:3,1
DA:6,1
DA:9,1
DA:11,1
DA:20,0
DA:21,0
DA:22,0
DA:24,0
DA:25,0
DA:26,0
DA:27,0
DA:28,0
DA:31,0
DA:32,0
DA:38,0
DA:68,1
DA:76,1
DA:77,0
DA:81,1
DA:83,1
LF:22
LH:10
BRDA:31,0,0,0
BRDA:31,0,1,0
BRF:2
BRH:0
end_of_record
TN:
SF:src\pages\Plan\PlanPage.tsx
FN:6,(anonymous_7)
FN:6,(anonymous_8)
FN:9,PlanPage
FNF:3
FNH:2
FNDA:1,(anonymous_7)
FNDA:1,(anonymous_8)
FNDA:0,PlanPage
DA:1,1
DA:2,1
DA:4,1
DA:6,1
DA:7,1
DA:9,1
DA:10,0
LF:7
LH:6
BRF:0
BRH:0
end_of_record
TN:
SF:src\pages\Plan\PlanView.tsx
FN:9,PlanView
FN:50,(anonymous_2)
FNF:2
FNH:0
FNDA:0,PlanView
FNDA:0,(anonymous_2)
DA:1,1
DA:3,1
DA:5,1
DA:6,1
DA:7,1
DA:9,1
DA:15,0
DA:16,0
DA:50,0
LF:9
LH:6
BRDA:66,0,0,0
BRDA:66,0,1,0
BRDA:69,1,0,0
BRDA:69,1,1,0
BRF:4
BRH:0
end_of_record
TN:
SF:src\pages\Plan\components\Day.tsx
FN:8,Day
FN:15,handleClickDay
FN:21,(anonymous_3)
FN:37,plannerViewClickDay
FNF:4
FNH:0
FNDA:0,Day
FNDA:0,handleClickDay
FNDA:0,(anonymous_3)
FNDA:0,plannerViewClickDay
DA:1,1
DA:2,1
DA:4,1
DA:6,1
DA:8,1
DA:14,0
DA:15,0
DA:17,0
DA:21,0
DA:36,1
DA:37,0
DA:40,1
DA:42,1
LF:13
LH:8
BRDA:19,0,0,0
BRDA:19,0,1,0
BRDA:17,1,0,0
BRDA:17,1,1,0
BRF:4
BRH:0
end_of_record
TN:
SF:src\pages\Plan\components\ExpandedDay.tsx
FN:8,ExpandedDay
FN:14,handleClickDay
FN:20,(anonymous_3)
FN:35,plannerViewClickDay
FNF:4
FNH:0
FNDA:0,ExpandedDay
FNDA:0,handleClickDay
FNDA:0,(anonymous_3)
FNDA:0,plannerViewClickDay
DA:1,1
DA:2,1
DA:4,1
DA:6,1
DA:8,1
DA:13,0
DA:14,0
DA:16,0
DA:20,0
DA:34,1
DA:35,0
DA:38,1
DA:40,1
LF:13
LH:8
BRDA:18,0,0,0
BRDA:18,0,1,0
BRF:2
BRH:0
end_of_record
TN:
SF:src\pages\Plan\components\Recipe.tsx
FN:6,Recipe
FNF:1
FNH:0
FNDA:0,Recipe
DA:1,1
DA:2,1
DA:6,1
DA:7,0
LF:4
LH:3
BRDA:15,0,0,0
BRDA:15,0,1,0
BRF:2
BRH:0
end_of_record
TN:
SF:src\pages\Product\Product.tsx
FN:15,Product
FN:29,(anonymous_15)
FN:38,(anonymous_16)
FN:43,(anonymous_17)
FN:49,getProduct
FN:49,_callee
FN:96,mapStateToProps
FNF:7
FNH:0
FNDA:0,Product
FNDA:0,(anonymous_15)
FNDA:0,(anonymous_16)
FNDA:0,(anonymous_17)
FNDA:0,getProduct
FNDA:0,_callee
FNDA:0,mapStateToProps
DA:1,1
DA:2,1
DA:3,1
DA:4,1
DA:6,1
DA:7,1
DA:11,1
DA:13,1
DA:15,1
DA:20,0
DA:21,0
DA:22,0
DA:23,0
DA:25,0
DA:26,0
DA:27,0
DA:29,0
DA:30,0
DA:32,0
DA:33,0
DA:34,0
DA:35,0
DA:38,0
DA:39,0
DA:43,0
DA:44,0
DA:45,0
DA:46,0
DA:49,0
DA:50,0
DA:51,0
DA:54,0
DA:57,0
DA:96,1
DA:102,1
DA:104,1
LF:36
LH:12
BRDA:32,0,0,0
BRDA:32,0,1,0
BRDA:33,1,0,0
BRDA:33,1,1,0
BRDA:44,2,0,0
BRDA:44,2,1,0
BRDA:49,3,0,0
BRDA:49,3,1,0
BRDA:49,3,2,0
BRDA:49,3,3,0
BRDA:51,4,0,0
BRDA:51,4,1,0
BRDA:58,5,0,0
BRDA:58,5,1,0
BRF:14
BRH:0
end_of_record
TN:
SF:src\pages\Product\ProductView.tsx
FN:10,ProductView
FNF:1
FNH:0
FNDA:0,ProductView
DA:1,1
DA:4,1
DA:8,1
DA:10,1
DA:17,0
DA:18,0
DA:20,0
LF:7
LH:4
BRF:0
BRH:0
end_of_record
TN:
SF:src\pages\Product\AddToCartButton\AddToCartButton.tsx
FN:8,AddToCartButton
FN:12,handleClick
FN:26,cartAddItem
FNF:3
FNH:2
FNDA:1,AddToCartButton
FNDA:1,handleClick
FNDA:0,cartAddItem
DA:1,1
DA:2,1
DA:4,1
DA:6,1
DA:8,1
DA:11,1
DA:12,2
DA:14,1
DA:25,1
DA:26,0
DA:29,1
DA:31,1
LF:12
LH:11
BRF:0
BRH:0
end_of_record
TN:
SF:src\pages\Products\Products.tsx
FN:15,listResults
FN:17,(anonymous_2)
FN:43,Products
FN:86,mapContextToProps
FNF:4
FNH:0
FNDA:0,listResults
FNDA:0,(anonymous_2)
FNDA:0,Products
FNDA:0,mapContextToProps
DA:1,1
DA:8,1
DA:9,1
DA:11,1
DA:13,1
DA:16,0
DA:17,0
DA:39,0
DA:43,1
DA:49,0
DA:50,0
DA:86,1
DA:93,1
LF:13
LH:8
BRDA:16,0,0,0
BRDA:16,0,1,0
BRDA:16,1,0,0
BRDA:16,1,1,0
BRDA:16,1,2,0
BRDA:28,2,0,0
BRDA:28,2,1,0
BRDA:57,3,0,0
BRDA:57,3,1,0
BRDA:58,4,0,0
BRDA:58,4,1,0
BRDA:63,5,0,0
BRDA:63,5,1,0
BRF:13
BRH:0
end_of_record
TN:
SF:src\pages\Profile\Profile.tsx
FN:16,Profile
FN:35,(anonymous_15)
FN:43,(anonymous_16)
FN:48,(anonymous_17)
FN:61,getUserProfile
FN:61,_callee
FN:73,handleFriendRequestClick
FN:80,handleTabChange
FN:123,mapStateToProps
FN:131,userRequestFriendship
FNF:10
FNH:3
FNDA:4,Profile
FNDA:4,(anonymous_15)
FNDA:0,(anonymous_16)
FNDA:4,(anonymous_17)
FNDA:0,getUserProfile
FNDA:0,_callee
FNDA:0,handleFriendRequestClick
FNDA:0,handleTabChange
FNDA:0,mapStateToProps
FNDA:0,userRequestFriendship
DA:1,2
DA:2,2
DA:3,2
DA:4,2
DA:6,2
DA:7,2
DA:11,2
DA:12,2
DA:14,2
DA:16,2
DA:23,88
DA:24,4
DA:25,4
DA:27,4
DA:28,4
DA:29,4
DA:30,4
DA:31,4
DA:32,4
DA:33,4
DA:35,4
DA:36,4
DA:38,4
DA:39,4
DA:40,4
DA:43,4
DA:44,0
DA:48,4
DA:49,4
DA:50,4
DA:51,4
DA:54,0
DA:55,0
DA:56,0
DA:61,0
DA:62,0
DA:63,0
DA:65,0
DA:66,0
DA:67,0
DA:70,0
DA:73,4
DA:74,0
DA:75,0
DA:76,0
DA:77,0
DA:80,4
DA:82,4
DA:123,2
DA:130,2
DA:131,0
DA:135,2
DA:137,2
LF:53
LH:37
BRDA:38,0,0,4
BRDA:38,0,1,0
BRDA:39,1,0,0
BRDA:39,1,1,4
BRDA:49,2,0,4
BRDA:49,2,1,0
BRDA:54,3,0,0
BRDA:54,3,1,0
BRDA:54,4,0,0
BRDA:54,4,1,0
BRDA:61,5,0,0
BRDA:61,5,1,0
BRDA:61,5,2,0
BRDA:61,5,3,0
BRDA:65,6,0,0
BRDA:65,6,1,0
BRDA:74,7,0,0
BRDA:74,7,1,0
BRDA:83,8,0,4
BRDA:83,8,1,0
BRF:20
BRH:4
end_of_record
TN:
SF:src\pages\Profile\ProfileView.tsx
FN:7,ProfileView
FN:45,(anonymous_2)
FN:67,onClick
FN:75,onClick
FN:86,(anonymous_5)
FN:112,(anonymous_6)
FNF:6
FNH:0
FNDA:0,ProfileView
FNDA:0,(anonymous_2)
FNDA:0,onClick
FNDA:0,onClick
FNDA:0,(anonymous_5)
FNDA:0,(anonymous_6)
DA:1,2
DA:2,2
DA:5,2
DA:7,2
DA:22,0
DA:23,0
DA:45,0
DA:67,0
DA:75,0
DA:86,0
DA:112,0
LF:11
LH:4
BRDA:37,0,0,0
BRDA:37,0,1,0
BRDA:45,1,0,0
BRDA:45,1,1,0
BRDA:43,2,0,0
BRDA:43,2,1,0
BRDA:46,3,0,0
BRDA:46,3,1,0
BRDA:49,4,0,0
BRDA:49,4,1,0
BRDA:65,5,0,0
BRDA:65,5,1,0
BRDA:73,6,0,0
BRDA:73,6,1,0
BRDA:83,7,0,0
BRDA:83,7,1,0
BRDA:86,8,0,0
BRDA:86,8,1,0
BRDA:91,9,0,0
BRDA:91,9,1,0
BRDA:109,10,0,0
BRDA:109,10,1,0
BRDA:112,11,0,0
BRDA:112,11,1,0
BRDA:117,12,0,0
BRDA:117,12,1,0
BRF:26
BRH:0
end_of_record
TN:
SF:src\pages\Recipe\Recipe.tsx
FN:17,Recipe
FN:38,(anonymous_15)
FN:47,(anonymous_16)
FN:52,(anonymous_17)
FN:58,getPrivateRecipe
FN:58,_callee
FN:68,getPublicRecipe
FN:68,_callee2
FN:81,handleFavoriteClick
FN:89,handleSaveClick
FN:188,mapStateToProps
FN:198,userFavoriteRecipe
FN:199,userSaveRecipe
FNF:13
FNH:3
FNDA:10,Recipe
FNDA:5,(anonymous_15)
FNDA:0,(anonymous_16)
FNDA:5,(anonymous_17)
FNDA:0,getPrivateRecipe
FNDA:0,_callee
FNDA:0,getPublicRecipe
FNDA:0,_callee2
FNDA:0,handleFavoriteClick
FNDA:0,handleSaveClick
FNDA:0,mapStateToProps
FNDA:0,userFavoriteRecipe
FNDA:0,userSaveRecipe
DA:1,2
DA:2,2
DA:3,2
DA:4,2
DA:6,2
DA:7,2
DA:11,2
DA:12,2
DA:13,2
DA:15,2
DA:17,2
DA:27,160
DA:28,10
DA:29,10
DA:30,10
DA:32,10
DA:33,10
DA:34,10
DA:35,10
DA:36,10
DA:38,10
DA:39,5
DA:41,5
DA:42,5
DA:43,5
DA:44,5
DA:47,5
DA:48,0
DA:52,10
DA:53,5
DA:54,5
DA:55,5
DA:58,0
DA:59,0
DA:64,0
DA:68,0
DA:69,0
DA:70,0
DA:75,0
DA:77,0
DA:78,0
DA:81,10
DA:82,0
DA:83,0
DA:84,0
DA:85,0
DA:86,0
DA:89,10
DA:90,0
DA:91,0
DA:92,0
DA:93,0
DA:94,0
DA:97,10
DA:188,2
DA:197,2
DA:198,0
DA:199,0
DA:202,2
DA:204,2
LF:60
LH:38
BRDA:41,0,0,5
BRDA:41,0,1,0
BRDA:42,1,0,5
BRDA:42,1,1,0
BRDA:53,2,0,5
BRDA:53,2,1,0
BRDA:58,3,0,0
BRDA:58,3,1,0
BRDA:58,3,2,0
BRDA:58,3,3,0
BRDA:64,4,0,0
BRDA:64,4,1,0
BRDA:68,5,0,0
BRDA:68,5,1,0
BRDA:68,5,2,0
BRDA:68,5,3,0
BRDA:70,6,0,0
BRDA:70,6,1,0
BRDA:77,7,0,0
BRDA:77,7,1,0
BRDA:82,8,0,0
BRDA:82,8,1,0
BRDA:83,9,0,0
BRDA:83,9,1,0
BRDA:90,10,0,0
BRDA:90,10,1,0
BRDA:91,11,0,0
BRDA:91,11,1,0
BRDA:98,12,0,10
BRDA:98,12,1,0
BRF:30
BRH:4
end_of_record
TN:
SF:src\pages\Recipe\RecipeView.tsx
FN:9,RecipeView
FN:42,recipeBy
FN:67,(anonymous_3)
FN:68,(anonymous_4)
FN:72,(anonymous_5)
FN:97,(anonymous_6)
FN:161,(anonymous_7)
FN:187,(anonymous_8)
FN:216,(anonymous_9)
FN:233,(anonymous_10)
FNF:10
FNH:6
FNDA:5,RecipeView
FNDA:5,recipeBy
FNDA:0,(anonymous_3)
FNDA:0,(anonymous_4)
FNDA:0,(anonymous_5)
FNDA:0,(anonymous_6)
FNDA:5,(anonymous_7)
FNDA:5,(anonymous_8)
FNDA:5,(anonymous_9)
FNDA:5,(anonymous_10)
DA:1,3
DA:2,3
DA:4,3
DA:7,3
DA:9,3
DA:23,5
DA:40,5
DA:42,5
DA:43,5
DA:44,5
DA:49,5
DA:67,0
DA:68,0
DA:72,0
DA:97,0
DA:161,5
DA:187,5
DA:216,5
DA:233,5
LF:19
LH:15
BRDA:43,0,0,0
BRDA:43,0,1,5
BRDA:70,1,0,4
BRDA:70,1,1,1
BRDA:66,2,0,5
BRDA:66,2,1,4
BRDA:66,2,2,4
BRDA:73,3,0,0
BRDA:73,3,1,4
BRDA:78,4,0,3
BRDA:78,4,1,1
BRDA:98,5,0,0
BRDA:98,5,1,4
BRDA:101,6,0,3
BRDA:101,6,1,1
BRDA:126,7,0,0
BRDA:126,7,1,5
BRDA:161,8,0,5
BRDA:161,8,1,5
BRDA:175,9,0,0
BRDA:175,9,1,5
BRDA:187,10,0,5
BRDA:187,10,1,5
BRDA:204,11,0,0
BRDA:204,11,1,5
BRDA:216,12,0,5
BRDA:216,12,1,5
BRDA:233,13,0,5
BRDA:233,13,1,0
BRDA:251,14,0,0
BRDA:251,14,1,5
BRF:31
BRH:23
end_of_record
TN:
SF:src\pages\Recipes\Recipes.tsx
FN:16,listResults
FN:18,(anonymous_2)
FN:34,(anonymous_3)
FN:40,(anonymous_4)
FN:64,Recipes
FN:228,mapContextToProps
FNF:6
FNH:0
FNDA:0,listResults
FNDA:0,(anonymous_2)
FNDA:0,(anonymous_3)
FNDA:0,(anonymous_4)
FNDA:0,Recipes
FNDA:0,mapContextToProps
DA:1,1
DA:8,1
DA:9,1
DA:11,1
DA:12,1
DA:14,1
DA:17,0
DA:18,0
DA:34,0
DA:40,0
DA:60,0
DA:64,1
DA:70,0
DA:71,0
DA:228,1
DA:235,1
LF:16
LH:9
BRDA:17,0,0,0
BRDA:17,0,1,0
BRDA:17,1,0,0
BRDA:17,1,1,0
BRDA:17,1,2,0
BRDA:49,2,0,0
BRDA:49,2,1,0
BRDA:199,3,0,0
BRDA:199,3,1,0
BRDA:200,4,0,0
BRDA:200,4,1,0
BRDA:205,5,0,0
BRDA:205,5,1,0
BRF:13
BRH:0
end_of_record
TN:
SF:src\pages\Register\Register.tsx
FN:9,Register
FN:25,(anonymous_7)
FN:33,(anonymous_8)
FN:38,handleConfirmationCodeChange
FN:41,handleEmailChange
FN:44,handlePasswordChange
FN:47,handlePasswordAgainChange
FN:50,handleRegisterClick
FN:59,handleRegisterKeyUp
FN:70,handleUsernameChange
FN:73,handleVerifyClick
FN:82,handleVerifyKeyUp
FN:93,validateConfirmationCode
FN:95,validateRegistrationInfo
FN:139,mapStateToProps
FN:142,authUserRegister
FN:148,authUserVerify
FNF:17
FNH:10
FNDA:59,Register
FNDA:13,(anonymous_7)
FNDA:0,(anonymous_8)
FNDA:0,handleConfirmationCodeChange
FNDA:8,handleEmailChange
FNDA:8,handlePasswordChange
FNDA:8,handlePasswordAgainChange
FNDA:1,handleRegisterClick
FNDA:0,handleRegisterKeyUp
FNDA:8,handleUsernameChange
FNDA:0,handleVerifyClick
FNDA:0,handleVerifyKeyUp
FNDA:1,validateConfirmationCode
FNDA:59,validateRegistrationInfo
FNDA:2,mapStateToProps
FNDA:0,authUserRegister
FNDA:0,authUserVerify
DA:2,2
DA:3,2
DA:4,2
DA:6,2
DA:7,2
DA:9,2
DA:14,1239
DA:15,59
DA:17,59
DA:18,59
DA:19,59
DA:20,59
DA:21,59
DA:22,59
DA:23,59
DA:25,59
DA:26,13
DA:28,13
DA:29,13
DA:30,13
DA:33,13
DA:34,0
DA:38,59
DA:41,67
DA:44,67
DA:47,67
DA:50,59
DA:51,1
DA:53,1
DA:55,1
DA:56,1
DA:59,59
DA:60,0
DA:62,0
DA:64,0
DA:66,0
DA:67,0
DA:70,67
DA:73,59
DA:74,0
DA:76,0
DA:78,0
DA:79,0
DA:82,59
DA:83,0
DA:85,0
DA:87,0
DA:89,0
DA:90,0
DA:93,60
DA:95,118
DA:102,59
DA:139,4
DA:141,2
DA:142,0
DA:148,0
DA:156,2
DA:158,2
LF:58
LH:41
BRDA:28,0,0,13
BRDA:28,0,1,0
BRDA:51,1,0,0
BRDA:51,1,1,1
BRDA:53,2,0,0
BRDA:53,2,1,1
BRDA:60,3,0,0
BRDA:60,3,1,0
BRDA:62,4,0,0
BRDA:62,4,1,0
BRDA:64,5,0,0
BRDA:64,5,1,0
BRDA:64,6,0,0
BRDA:64,6,1,0
BRDA:74,7,0,0
BRDA:74,7,1,0
BRDA:76,8,0,0
BRDA:76,8,1,0
BRDA:83,9,0,0
BRDA:83,9,1,0
BRDA:85,10,0,0
BRDA:85,10,1,0
BRDA:87,11,0,0
BRDA:87,11,1,0
BRDA:87,12,0,0
BRDA:87,12,1,0
BRDA:96,13,0,59
BRDA:96,13,1,24
BRDA:96,13,2,12
BRDA:96,13,3,6
BRF:30
BRH:7
end_of_record
TN:
SF:src\pages\Register\RegisterView.tsx
FN:9,RegisterView
FN:30,registerForm
FN:111,verifyForm
FN:149,onKeyUp
FNF:4
FNH:3
FNDA:61,RegisterView
FNDA:59,registerForm
FNDA:2,verifyForm
FNDA:0,onKeyUp
DA:1,3
DA:2,3
DA:4,3
DA:5,3
DA:7,3
DA:9,3
DA:29,61
DA:30,120
DA:111,63
DA:148,61
DA:149,0
LF:11
LH:10
BRDA:155,0,0,2
BRDA:155,0,1,59
BRF:2
BRH:2
end_of_record
TN:
SF:src\pages\StaffDashboard\Dashboard.tsx
FN:17,StaffDashboard
FN:39,(anonymous_7)
FN:47,(anonymous_8)
FN:52,activateModal
FN:58,deactivateModal
FN:64,getApplicationNode
FN:68,handleDeleteContent
FN:74,handleDeleteEquipment
FN:79,handleDeleteIngredient
FN:84,handleDeleteRecipe
FN:90,handleTabClick
FN:146,mapStateToProps
FN:158,staffDeleteContent
FN:159,staffDeleteEquipment
FN:160,staffDeleteIngredient
FN:161,staffDeleteRecipe
FNF:16
FNH:0
FNDA:0,StaffDashboard
FNDA:0,(anonymous_7)
FNDA:0,(anonymous_8)
FNDA:0,activateModal
FNDA:0,deactivateModal
FNDA:0,getApplicationNode
FNDA:0,handleDeleteContent
FNDA:0,handleDeleteEquipment
FNDA:0,handleDeleteIngredient
FNDA:0,handleDeleteRecipe
FNDA:0,handleTabClick
FNDA:0,mapStateToProps
FNDA:0,staffDeleteContent
FNDA:0,staffDeleteEquipment
FNDA:0,staffDeleteIngredient
FNDA:0,staffDeleteRecipe
DA:1,1
DA:2,1
DA:10,1
DA:11,1
DA:12,1
DA:13,1
DA:14,1
DA:15,1
DA:17,1
DA:31,0
DA:32,0
DA:33,0
DA:34,0
DA:35,0
DA:36,0
DA:37,0
DA:39,0
DA:40,0
DA:41,0
DA:42,0
DA:43,0
DA:44,0
DA:45,0
DA:47,0
DA:48,0
DA:52,0
DA:53,0
DA:54,0
DA:55,0
DA:58,0
DA:59,0
DA:60,0
DA:61,0
DA:64,0
DA:65,0
DA:68,0
DA:69,0
DA:70,0
DA:71,0
DA:74,0
DA:75,0
DA:76,0
DA:79,0
DA:80,0
DA:81,0
DA:84,0
DA:85,0
DA:86,0
DA:87,0
DA:90,0
DA:91,0
DA:94,0
DA:146,1
DA:157,1
DA:158,0
DA:159,0
DA:160,0
DA:161,0
DA:164,1
DA:166,1
LF:60
LH:13
BRDA:41,0,0,0
BRDA:41,0,1,0
BRDA:42,1,0,0
BRDA:42,1,1,0
BRDA:69,2,0,0
BRDA:69,2,1,0
BRDA:85,3,0,0
BRDA:85,3,1,0
BRF:8
BRH:0
end_of_record
TN:
SF:src\pages\StaffDashboard\DashboardView.tsx
FN:16,DashboardView
FNF:1
FNH:1
FNDA:1,DashboardView
DA:1,2
DA:9,2
DA:10,2
DA:11,2
DA:12,2
DA:13,2
DA:14,2
DA:16,2
DA:38,1
DA:39,1
LF:10
LH:10
BRDA:47,0,0,1
BRDA:47,0,1,1
BRDA:61,1,0,1
BRDA:61,1,1,0
BRDA:73,2,0,1
BRDA:73,2,1,0
BRDA:80,3,0,1
BRDA:80,3,1,0
BRF:8
BRH:5
end_of_record
TN:
SF:src\pages\StaffDashboard\tabs\Content.tsx
FN:7,Content
FN:55,(anonymous_2)
FN:65,onClick
FNF:3
FNH:2
FNDA:1,Content
FNDA:2,(anonymous_2)
FNDA:0,onClick
DA:1,3
DA:2,3
DA:3,3
DA:7,3
DA:17,1
DA:18,1
DA:55,2
DA:65,0
LF:8
LH:7
BRDA:28,0,0,0
BRDA:28,0,1,1
BRDA:55,1,0,1
BRDA:55,1,1,1
BRF:4
BRH:3
end_of_record
TN:
SF:src\pages\StaffDashboard\tabs\Equipment.tsx
FN:6,Equipment
FN:16,(anonymous_2)
FN:26,onClick
FNF:3
FNH:0
FNDA:0,Equipment
FNDA:0,(anonymous_2)
FNDA:0,onClick
DA:1,2
DA:2,2
DA:6,2
DA:9,0
DA:10,0
DA:16,0
DA:26,0
LF:7
LH:3
BRF:0
BRH:0
end_of_record
TN:
SF:src\pages\StaffDashboard\tabs\Ingredients.tsx
FN:6,Ingredients
FN:16,(anonymous_2)
FN:26,onClick
FNF:3
FNH:0
FNDA:0,Ingredients
FNDA:0,(anonymous_2)
FNDA:0,onClick
DA:1,2
DA:2,2
DA:6,2
DA:9,0
DA:10,0
DA:16,0
DA:26,0
LF:7
LH:3
BRF:0
BRH:0
end_of_record
TN:
SF:src\pages\StaffDashboard\tabs\Recipes.tsx
FN:7,Recipes
FN:50,(anonymous_2)
FN:60,onClick
FNF:3
FNH:0
FNDA:0,Recipes
FNDA:0,(anonymous_2)
FNDA:0,onClick
DA:1,2
DA:2,2
DA:3,2
DA:7,2
DA:15,0
DA:16,0
DA:50,0
DA:60,0
LF:8
LH:4
BRDA:26,0,0,0
BRDA:26,0,1,0
BRF:2
BRH:0
end_of_record
TN:
SF:src\pages\StaffDashboard\tabs\Tabs.tsx
FN:3,Tabs
FN:4,TabButton
FN:12,onClick
FNF:3
FNH:0
FNDA:0,Tabs
FNDA:0,TabButton
FNDA:0,onClick
DA:1,2
DA:3,2
DA:4,0
DA:12,0
DA:18,0
LF:5
LH:2
BRDA:8,0,0,0
BRDA:8,0,1,0
BRF:2
BRH:0
end_of_record
TN:
SF:src\pages\UserDashboard\Dashboard.tsx
FN:29,Dashboard
FN:72,(anonymous_14)
FN:83,(anonymous_15)
FN:88,activateModal
FN:94,cancelAvatar
FN:102,deactivateModal
FN:108,getApplicationNode
FN:112,handleDeletePlan
FN:118,handleDeletePrivateEquipment
[...]
BRDA:35,2,0,3
BRDA:35,2,1,3
BRDA:92,3,0,3
BRDA:92,3,1,2
BRDA:92,3,2,2
BRDA:92,3,3,2
BRDA:92,3,4,0
BRDA:92,3,5,2
BRDA:92,3,6,2
BRDA:92,3,7,1
BRDA:92,3,8,1
BRDA:92,3,9,2
BRDA:92,3,10,2
BRDA:92,3,11,2
BRDA:92,3,12,1
BRDA:92,3,13,1
BRDA:92,3,14,1
BRDA:92,3,15,3
BRDA:92,3,16,3
BRDA:92,4,0,1
BRDA:92,4,1,4
BRDA:105,5,0,3
BRDA:105,5,1,3
BRDA:162,6,0,3
BRDA:162,6,1,2
BRDA:162,6,2,1
BRDA:162,6,3,1
BRDA:162,6,4,2
BRDA:162,6,5,2
BRDA:162,6,6,2
BRDA:162,6,7,1
BRDA:162,6,8,1
BRDA:162,6,9,1
BRDA:162,6,10,3
BRDA:162,6,11,3
BRDA:162,7,0,1
BRDA:162,7,1,1
BRF:56
BRH:54
end_of_record
TN:
SF:src\store\user\content\types.ts
FNF:0
FNH:0
DA:3,7
DA:4,7
DA:5,7
DA:7,7
DA:8,7
DA:9,7
DA:11,7
DA:12,7
DA:13,7
LF:9
LH:9
BRF:0
BRH:0
end_of_record
TN:
SF:src\store\user\equipment\actions.ts
FN:15,(anonymous_0)
FN:22,(anonymous_1)
FN:27,(anonymous_2)
FN:32,(anonymous_3)
FN:39,(anonymous_4)
FN:44,(anonymous_5)
FN:49,(anonymous_6)
FN:54,(anonymous_7)
FN:59,(anonymous_8)
FNF:9
FNH:9
FNDA:2,(anonymous_0)
FNDA:4,(anonymous_1)
FNDA:6,(anonymous_2)
FNDA:2,(anonymous_3)
FNDA:4,(anonymous_4)
FNDA:6,(anonymous_5)
FNDA:2,(anonymous_6)
FNDA:4,(anonymous_7)
FNDA:6,(anonymous_8)
DA:1,5
DA:15,5
DA:22,5
DA:27,6
DA:32,5
DA:39,5
DA:44,6
DA:49,5
DA:54,5
DA:59,6
LF:10
LH:10
BRF:0
BRH:0
end_of_record
TN:
SF:src\store\user\equipment\sagas.ts
FN:24,userCreateNewPrivateEquipmentSaga
FN:24,userCreateNewPrivateEquipmentSaga$
FN:92,userEditPrivateEquipmentSaga
FN:92,userEditPrivateEquipmentSaga$
FN:164,userDeletePrivateEquipmentSaga
FN:164,userDeletePrivateEquipmentSaga$
FNF:6
FNH:6
FNDA:3,userCreateNewPrivateEquipmentSaga
FNDA:21,userCreateNewPrivateEquipmentSaga$
FNDA:3,userEditPrivateEquipmentSaga
FNDA:21,userEditPrivateEquipmentSaga$
FNDA:3,userDeletePrivateEquipmentSaga
FNDA:15,userDeletePrivateEquipmentSaga$
DA:1,1
DA:2,1
DA:4,1
DA:7,1
DA:8,1
DA:22,1
DA:24,98
DA:37,3
DA:43,2
DA:49,2
DA:55,2
DA:57,0
DA:60,2
DA:74,2
DA:77,1
DA:79,1
DA:81,2
DA:82,2
DA:84,1
DA:87,1
DA:88,1
DA:92,98
DA:107,3
DA:113,2
DA:119,2
DA:125,2
DA:127,0
DA:130,2
DA:146,2
DA:149,1
DA:151,1
DA:153,2
DA:154,2
DA:156,1
DA:159,1
DA:160,1
DA:164,68
DA:168,3
DA:173,2
DA:175,1
DA:177,1
DA:179,2
DA:180,2
DA:182,1
DA:185,1
DA:186,1
LF:46
LH:44
BRDA:24,0,0,3
BRDA:24,0,1,2
BRDA:24,0,2,2
BRDA:24,0,3,2
BRDA:24,0,4,0
BRDA:24,0,5,2
BRDA:24,0,6,2
BRDA:24,0,7,1
BRDA:24,0,8,1
BRDA:24,0,9,2
BRDA:24,0,10,2
BRDA:24,0,11,2
BRDA:24,0,12,1
BRDA:24,0,13,1
BRDA:24,0,14,1
BRDA:24,0,15,3
BRDA:24,0,16,3
BRDA:24,1,0,1
BRDA:24,1,1,4
BRDA:36,2,0,3
BRDA:36,2,1,3
BRDA:92,3,0,3
BRDA:92,3,1,2
BRDA:92,3,2,2
BRDA:92,3,3,2
BRDA:92,3,4,0
BRDA:92,3,5,2
BRDA:92,3,6,2
BRDA:92,3,7,1
BRDA:92,3,8,1
BRDA:92,3,9,2
BRDA:92,3,10,2
BRDA:92,3,11,2
BRDA:92,3,12,1
BRDA:92,3,13,1
BRDA:92,3,14,1
BRDA:92,3,15,3
BRDA:92,3,16,3
BRDA:92,4,0,1
BRDA:92,4,1,4
BRDA:106,5,0,3
BRDA:106,5,1,3
BRDA:164,6,0,3
BRDA:164,6,1,2
BRDA:164,6,2,1
BRDA:164,6,3,1
BRDA:164,6,4,2
BRDA:164,6,5,2
BRDA:164,6,6,2
BRDA:164,6,7,1
BRDA:164,6,8,1
BRDA:164,6,9,1
BRDA:164,6,10,3
BRDA:164,6,11,3
BRDA:164,7,0,1
BRDA:164,7,1,1
BRF:56
BRH:54
end_of_record
TN:
SF:src\store\user\equipment\types.ts
FNF:0
FNH:0
DA:1,8
DA:2,8
DA:3,8
DA:4,8
DA:5,8
DA:6,8
DA:7,8
DA:8,8
DA:9,8
LF:9
LH:9
BRF:0
BRH:0
end_of_record
TN:
SF:src\store\user\favorite\actions.ts
FN:10,(anonymous_0)
FN:15,(anonymous_1)
FN:20,(anonymous_2)
FN:25,(anonymous_3)
FN:30,(anonymous_4)
FN:35,(anonymous_5)
FNF:6
FNH:6
FNDA:2,(anonymous_0)
FNDA:4,(anonymous_1)
FNDA:6,(anonymous_2)
FNDA:2,(anonymous_3)
FNDA:4,(anonymous_4)
FNDA:6,(anonymous_5)
DA:1,5
DA:10,5
DA:15,5
DA:20,6
DA:25,5
DA:30,5
DA:35,6
LF:7
LH:7
BRF:0
BRH:0
end_of_record
TN:
SF:src\store\user\favorite\sagas.ts
FN:18,userFavoriteRecipeSaga
FN:18,userFavoriteRecipeSaga$
FN:41,userUnfavoriteRecipeSaga
FN:41,userUnfavoriteRecipeSaga$
FNF:4
FNH:4
FNDA:3,userFavoriteRecipeSaga
FNDA:15,userFavoriteRecipeSaga$
FNDA:3,userUnfavoriteRecipeSaga
FNDA:15,userUnfavoriteRecipeSaga$
DA:1,1
DA:2,1
DA:4,1
DA:7,1
DA:8,1
DA:16,1
DA:18,68
DA:20,3
DA:26,2
DA:28,1
DA:30,1
DA:32,2
DA:33,2
DA:35,1
DA:36,1
DA:37,1
DA:41,68
DA:43,3
DA:48,2
DA:50,1
DA:52,1
DA:54,2
DA:55,2
DA:57,1
DA:58,1
DA:59,1
LF:26
LH:26
BRDA:18,0,0,3
BRDA:18,0,1,2
BRDA:18,0,2,1
BRDA:18,0,3,1
BRDA:18,0,4,2
BRDA:18,0,5,2
BRDA:18,0,6,2
BRDA:18,0,7,1
BRDA:18,0,8,1
BRDA:18,0,9,1
BRDA:18,0,10,3
BRDA:18,0,11,3
BRDA:18,1,0,1
BRDA:18,1,1,1
BRDA:41,2,0,3
BRDA:41,2,1,2
BRDA:41,2,2,1
BRDA:41,2,3,1
BRDA:41,2,4,2
BRDA:41,2,5,2
BRDA:41,2,6,2
BRDA:41,2,7,1
BRDA:41,2,8,1
BRDA:41,2,9,1
BRDA:41,2,10,3
BRDA:41,2,11,3
BRDA:41,3,0,1
BRDA:41,3,1,1
BRF:28
BRH:28
end_of_record
TN:
SF:src\store\user\favorite\types.ts
FNF:0
FNH:0
DA:1,8
DA:2,8
DA:3,8
DA:4,8
DA:5,8
DA:6,8
LF:6
LH:6
BRF:0
BRH:0
end_of_record
TN:
SF:src\store\user\friendship\actions.ts
FN:22,(anonymous_0)
FN:27,(anonymous_1)
FN:32,(anonymous_2)
FN:37,(anonymous_3)
FN:42,(anonymous_4)
FN:47,(anonymous_5)
FN:52,(anonymous_6)
FN:57,(anonymous_7)
FN:62,(anonymous_8)
FN:67,(anonymous_9)
FN:72,(anonymous_10)
FN:77,(anonymous_11)
FN:82,(anonymous_12)
FN:87,(anonymous_13)
FN:92,(anonymous_14)
FN:97,(anonymous_15)
FN:102,(anonymous_16)
FN:107,(anonymous_17)
FNF:18
FNH:18
FNDA:2,(anonymous_0)
FNDA:4,(anonymous_1)
FNDA:6,(anonymous_2)
FNDA:2,(anonymous_3)
FNDA:4,(anonymous_4)
FNDA:6,(anonymous_5)
FNDA:2,(anonymous_6)
FNDA:4,(anonymous_7)
FNDA:6,(anonymous_8)
FNDA:2,(anonymous_9)
FNDA:4,(anonymous_10)
FNDA:6,(anonymous_11)
FNDA:2,(anonymous_12)
FNDA:4,(anonymous_13)
FNDA:6,(anonymous_14)
FNDA:2,(anonymous_15)
FNDA:4,(anonymous_16)
FNDA:6,(anonymous_17)
DA:1,5
DA:22,5
DA:27,5
DA:32,6
DA:37,5
DA:42,5
DA:47,6
DA:52,5
DA:57,5
DA:62,6
DA:67,5
DA:72,5
DA:77,6
DA:82,5
DA:87,5
DA:92,6
DA:97,5
DA:102,5
DA:107,6
LF:19
LH:19
BRF:0
BRH:0
end_of_record
TN:
SF:src\store\user\friendship\sagas.ts
FN:33,userRequestFriendshipSaga
FN:33,userRequestFriendshipSaga$
FN:57,userAcceptFriendshipSaga
FN:57,userAcceptFriendshipSaga$
FN:81,userRejectFriendshipSaga
FN:81,userRejectFriendshipSaga$
FN:105,userDeleteFriendshipSaga
FN:105,userDeleteFriendshipSaga$
FN:128,userBlockUserSaga
FN:128,userBlockUserSaga$
FN:152,userUnblockUserSaga
FN:152,userUnblockUserSaga$
FNF:12
FNH:12
FNDA:3,userRequestFriendshipSaga
FNDA:15,userRequestFriendshipSaga$
FNDA:3,userAcceptFriendshipSaga
FNDA:15,userAcceptFriendshipSaga$
FNDA:3,userRejectFriendshipSaga
FNDA:15,userRejectFriendshipSaga$
FNDA:3,userDeleteFriendshipSaga
FNDA:15,userDeleteFriendshipSaga$
FNDA:3,userBlockUserSaga
FNDA:15,userBlockUserSaga$
FNDA:3,userUnblockUserSaga
FNDA:15,userUnblockUserSaga$
DA:1,1
DA:2,1
DA:4,1
DA:7,1
DA:8,1
DA:31,1
DA:33,68
DA:35,3
DA:41,2
DA:43,1
DA:44,1
DA:46,1
DA:47,1
DA:49,2
DA:51,1
DA:52,1
DA:53,1
DA:57,68
DA:59,3
DA:65,2
DA:67,1
DA:68,1
DA:70,1
DA:71,1
DA:73,2
DA:75,1
DA:76,1
DA:77,1
DA:81,68
DA:83,3
DA:89,2
DA:91,1
DA:92,1
DA:94,1
DA:95,1
DA:97,2
DA:99,1
DA:100,1
DA:101,1
DA:105,68
DA:107,3
DA:112,2
DA:114,1
DA:115,1
DA:117,1
DA:118,1
DA:120,2
DA:122,1
DA:123,1
DA:124,1
DA:128,68
DA:130,3
DA:136,2
DA:138,1
DA:139,1
DA:141,1
DA:142,1
DA:144,2
DA:146,1
DA:147,1
DA:148,1
DA:152,68
DA:154,3
DA:159,2
DA:161,1
DA:162,1
DA:164,1
DA:165,1
DA:167,2
DA:169,1
DA:170,1
DA:171,1
LF:72
LH:72
BRDA:33,0,0,3
BRDA:33,0,1,2
BRDA:33,0,2,1
BRDA:33,0,3,1
BRDA:33,0,4,1
BRDA:33,0,5,1
BRDA:33,0,6,2
BRDA:33,0,7,2
BRDA:33,0,8,1
BRDA:33,0,9,1
BRDA:33,0,10,1
BRDA:33,0,11,3
BRDA:33,0,12,3
BRDA:33,1,0,1
BRDA:33,1,1,1
BRDA:57,2,0,3
BRDA:57,2,1,2
BRDA:57,2,2,1
BRDA:57,2,3,1
BRDA:57,2,4,1
BRDA:57,2,5,1
BRDA:57,2,6,2
BRDA:57,2,7,2
BRDA:57,2,8,1
BRDA:57,2,9,1
BRDA:57,2,10,1
BRDA:57,2,11,3
BRDA:57,2,12,3
BRDA:57,3,0,1
BRDA:57,3,1,1
BRDA:81,4,0,3
BRDA:81,4,1,2
BRDA:81,4,2,1
BRDA:81,4,3,1
BRDA:81,4,4,1
BRDA:81,4,5,1
BRDA:81,4,6,2
BRDA:81,4,7,2
BRDA:81,4,8,1
BRDA:81,4,9,1
BRDA:81,4,10,1
BRDA:81,4,11,3
BRDA:81,4,12,3
BRDA:81,5,0,1
BRDA:81,5,1,1
BRDA:105,6,0,3
BRDA:105,6,1,2
BRDA:105,6,2,1
BRDA:105,6,3,1
BRDA:105,6,4,1
BRDA:105,6,5,1
BRDA:105,6,6,2
BRDA:105,6,7,2
BRDA:105,6,8,1
BRDA:105,6,9,1
BRDA:105,6,10,1
BRDA:105,6,11,3
BRDA:105,6,12,3
BRDA:105,7,0,1
BRDA:105,7,1,1
BRDA:128,8,0,3
BRDA:128,8,1,2
BRDA:128,8,2,1
BRDA:128,8,3,1
BRDA:128,8,4,1
BRDA:128,8,5,1
BRDA:128,8,6,2
BRDA:128,8,7,2
BRDA:128,8,8,1
BRDA:128,8,9,1
BRDA:128,8,10,1
BRDA:128,8,11,3
BRDA:128,8,12,3
BRDA:128,9,0,1
BRDA:128,9,1,1
BRDA:152,10,0,3
BRDA:152,10,1,2
BRDA:152,10,2,1
BRDA:152,10,3,1
BRDA:152,10,4,1
BRDA:152,10,5,1
BRDA:152,10,6,2
BRDA:152,10,7,2
BRDA:152,10,8,1
BRDA:152,10,9,1
BRDA:152,10,10,1
BRDA:152,10,11,3
BRDA:152,10,12,3
BRDA:152,11,0,1
BRDA:152,11,1,1
BRF:90
BRH:90
end_of_record
TN:
SF:src\store\user\friendship\types.ts
FNF:0
FNH:0
DA:1,8
DA:2,8
DA:3,8
DA:4,8
DA:5,8
DA:6,8
DA:7,8
DA:8,8
DA:9,8
DA:10,8
DA:11,8
DA:12,8
DA:13,8
DA:14,8
DA:15,8
DA:16,8
DA:17,8
DA:18,8
LF:18
LH:18
BRF:0
BRH:0
end_of_record
TN:
SF:src\store\user\ingredient\actions.ts
FN:15,(anonymous_0)
FN:22,(anonymous_1)
FN:27,(anonymous_2)
FN:32,(anonymous_3)
FN:39,(anonymous_4)
FN:44,(anonymous_5)
FN:49,(anonymous_6)
FN:54,(anonymous_7)
FN:59,(anonymous_8)
FNF:9
FNH:9
FNDA:2,(anonymous_0)
FNDA:4,(anonymous_1)
FNDA:6,(anonymous_2)
FNDA:2,(anonymous_3)
FNDA:4,(anonymous_4)
FNDA:6,(anonymous_5)
FNDA:2,(anonymous_6)
FNDA:4,(anonymous_7)
FNDA:6,(anonymous_8)
DA:1,5
DA:15,5
DA:22,5
DA:27,6
DA:32,5
DA:39,5
DA:44,6
DA:49,5
DA:54,5
DA:59,6
LF:10
LH:10
BRF:0
BRH:0
end_of_record
TN:
SF:src\store\user\ingredient\sagas.ts
FN:24,userCreateNewPrivateIngredientSaga
FN:24,userCreateNewPrivateIngredientSaga$
FN:92,userEditPrivateIngredientSaga
FN:92,userEditPrivateIngredientSaga$
FN:164,userDeletePrivateIngredientSaga
FN:164,userDeletePrivateIngredientSaga$
FNF:6
FNH:6
FNDA:3,userCreateNewPrivateIngredientSaga
FNDA:21,userCreateNewPrivateIngredientSaga$
FNDA:3,userEditPrivateIngredientSaga
FNDA:21,userEditPrivateIngredientSaga$
FNDA:3,userDeletePrivateIngredientSaga
FNDA:15,userDeletePrivateIngredientSaga$
DA:1,1
DA:2,1
DA:4,1
DA:7,1
DA:8,1
DA:22,1
DA:24,98
DA:37,3
DA:43,2
DA:49,2
DA:55,2
DA:57,0
DA:60,2
DA:74,2
DA:77,1
DA:79,1
DA:81,2
DA:82,2
DA:84,1
DA:87,1
DA:88,1
DA:92,98
DA:107,3
DA:113,2
DA:119,2
DA:125,2
DA:127,0
DA:130,2
DA:146,2
DA:149,1
DA:151,1
DA:153,2
DA:154,2
DA:156,1
DA:159,1
DA:160,1
DA:164,68
DA:168,3
DA:173,2
DA:175,1
DA:177,1
DA:179,2
DA:180,2
DA:182,1
DA:185,1
DA:186,1
LF:46
LH:44
BRDA:24,0,0,3
BRDA:24,0,1,2
BRDA:24,0,2,2
BRDA:24,0,3,2
BRDA:24,0,4,0
BRDA:24,0,5,2
BRDA:24,0,6,2
BRDA:24,0,7,1
BRDA:24,0,8,1
BRDA:24,0,9,2
BRDA:24,0,10,2
BRDA:24,0,11,2
BRDA:24,0,12,1
BRDA:24,0,13,1
BRDA:24,0,14,1
BRDA:24,0,15,3
BRDA:24,0,16,3
BRDA:24,1,0,1
BRDA:24,1,1,4
BRDA:36,2,0,3
BRDA:36,2,1,3
BRDA:92,3,0,3
BRDA:92,3,1,2
BRDA:92,3,2,2
BRDA:92,3,3,2
BRDA:92,3,4,0
BRDA:92,3,5,2
BRDA:92,3,6,2
BRDA:92,3,7,1
BRDA:92,3,8,1
BRDA:92,3,9,2
BRDA:92,3,10,2
BRDA:92,3,11,2
BRDA:92,3,12,1
BRDA:92,3,13,1
BRDA:92,3,14,1
BRDA:92,3,15,3
BRDA:92,3,16,3
BRDA:92,4,0,1
BRDA:92,4,1,4
BRDA:106,5,0,3
BRDA:106,5,1,3
BRDA:164,6,0,3
BRDA:164,6,1,2
BRDA:164,6,2,1
BRDA:164,6,3,1
BRDA:164,6,4,2
BRDA:164,6,5,2
BRDA:164,6,6,2
BRDA:164,6,7,1
BRDA:164,6,8,1
BRDA:164,6,9,1
BRDA:164,6,10,3
BRDA:164,6,11,3
BRDA:164,7,0,1
BRDA:164,7,1,1
BRF:56
BRH:54
end_of_record
TN:
SF:src\store\user\ingredient\types.ts
FNF:0
FNH:0
DA:1,8
DA:2,8
DA:3,8
DA:4,8
DA:5,8
DA:6,8
DA:7,8
DA:8,8
DA:9,8
LF:9
LH:9
BRF:0
BRH:0
end_of_record
TN:
SF:src\store\user\plan\actions.ts
FN:15,(anonymous_0)
FN:20,(anonymous_1)
FN:25,(anonymous_2)
FN:30,(anonymous_3)
FN:35,(anonymous_4)
FN:40,(anonymous_5)
FN:45,(anonymous_6)
FN:50,(anonymous_7)
FN:55,(anonymous_8)
FNF:9
FNH:9
FNDA:2,(anonymous_0)
FNDA:4,(anonymous_1)
FNDA:6,(anonymous_2)
FNDA:2,(anonymous_3)
FNDA:4,(anonymous_4)
FNDA:6,(anonymous_5)
FNDA:2,(anonymous_6)
FNDA:4,(anonymous_7)
FNDA:6,(anonymous_8)
DA:1,4
DA:15,4
DA:20,4
DA:25,6
DA:30,4
DA:35,4
DA:40,6
DA:45,4
DA:50,4
DA:55,6
LF:10
LH:10
BRF:0
BRH:0
end_of_record
TN:
SF:src\store\user\plan\sagas.ts
FN:20,userCreateNewPlanSaga
FN:20,userCreateNewPlanSaga$
FN:44,userEditPlanSaga
FN:44,userEditPlanSaga$
FN:68,userDeletePlanSaga
FN:68,userDeletePlanSaga$
FNF:6
FNH:6
FNDA:3,userCreateNewPlanSaga
FNDA:15,userCreateNewPlanSaga$
FNDA:3,userEditPlanSaga
FNDA:15,userEditPlanSaga$
FNDA:3,userDeletePlanSaga
FNDA:15,userDeletePlanSaga$
DA:1,1
DA:2,1
DA:4,1
DA:7,1
DA:8,1
DA:18,1
DA:20,68
DA:22,3
DA:28,2
DA:30,1
DA:31,1
DA:33,1
DA:34,1
DA:36,2
DA:38,1
DA:39,1
DA:40,1
DA:44,68
DA:46,3
DA:52,2
DA:54,1
DA:55,1
DA:57,1
DA:58,1
DA:60,2
DA:62,1
DA:63,1
DA:64,1
DA:68,68
DA:70,3
DA:75,2
DA:77,1
DA:78,1
DA:80,1
DA:81,1
DA:83,2
DA:85,1
DA:86,1
DA:87,1
LF:39
LH:39
BRDA:20,0,0,3
BRDA:20,0,1,2
BRDA:20,0,2,1
BRDA:20,0,3,1
BRDA:20,0,4,1
BRDA:20,0,5,1
BRDA:20,0,6,2
BRDA:20,0,7,2
BRDA:20,0,8,1
BRDA:20,0,9,1
BRDA:20,0,10,1
BRDA:20,0,11,3
BRDA:20,0,12,3
BRDA:20,1,0,1
BRDA:20,1,1,1
BRDA:44,2,0,3
BRDA:44,2,1,2
BRDA:44,2,2,1
BRDA:44,2,3,1
BRDA:44,2,4,1
BRDA:44,2,5,1
BRDA:44,2,6,2
BRDA:44,2,7,2
BRDA:44,2,8,1
BRDA:44,2,9,1
BRDA:44,2,10,1
BRDA:44,2,11,3
BRDA:44,2,12,3
BRDA:44,3,0,1
BRDA:44,3,1,1
BRDA:68,4,0,3
BRDA:68,4,1,2
BRDA:68,4,2,1
BRDA:68,4,3,1
BRDA:68,4,4,1
BRDA:68,4,5,1
BRDA:68,4,6,2
BRDA:68,4,7,2
BRDA:68,4,8,1
BRDA:68,4,9,1
BRDA:68,4,10,1
BRDA:68,4,11,3
BRDA:68,4,12,3
BRDA:68,5,0,1
BRDA:68,5,1,1
BRF:45
BRH:45
end_of_record
TN:
SF:src\store\user\plan\types.ts
FNF:0
FNH:0
DA:1,7
DA:2,7
DA:3,7
DA:4,7
DA:5,7
DA:6,7
DA:7,7
DA:8,7
DA:9,7
LF:9
LH:9
BRF:0
BRH:0
end_of_record
TN:
SF:src\store\user\recipe\actions.ts
FN:26,(anonymous_0)
FN:33,(anonymous_1)
FN:38,(anonymous_2)
FN:43,(anonymous_3)
FN:50,(anonymous_4)
FN:55,(anonymous_5)
FN:60,(anonymous_6)
FN:65,(anonymous_7)
FN:70,(anonymous_8)
FN:77,(anonymous_9)
FN:84,(anonymous_10)
FN:89,(anonymous_11)
FN:94,(anonymous_12)
FN:101,(anonymous_13)
FN:106,(anonymous_14)
FN:111,(anonymous_15)
FN:116,(anonymous_16)
FN:121,(anonymous_17)
FNF:18
FNH:18
FNDA:2,(anonymous_0)
FNDA:4,(anonymous_1)
FNDA:6,(anonymous_2)
FNDA:2,(anonymous_3)
FNDA:4,(anonymous_4)
FNDA:6,(anonymous_5)
FNDA:2,(anonymous_6)
FNDA:4,(anonymous_7)
FNDA:6,(anonymous_8)
FNDA:2,(anonymous_9)
FNDA:2,(anonymous_10)
FNDA:2,(anonymous_11)
FNDA:2,(anonymous_12)
FNDA:2,(anonymous_13)
FNDA:2,(anonymous_14)
FNDA:2,(anonymous_15)
FNDA:4,(anonymous_16)
FNDA:6,(anonymous_17)
DA:1,5
DA:26,5
DA:33,5
DA:38,6
DA:43,5
DA:50,5
DA:55,6
DA:60,5
DA:65,5
DA:70,6
DA:77,5
DA:84,5
DA:89,5
DA:94,5
DA:101,5
DA:106,5
DA:111,5
DA:116,5
DA:121,6
LF:19
LH:19
BRF:0
BRH:0
end_of_record
TN:
SF:src\store\user\recipe\sagas.ts
FN:33,userCreateNewRecipeSaga
FN:33,userCreateNewRecipeSaga$
FN:203,userDeletePrivateRecipeSaga
FN:203,userDeletePrivateRecipeSaga$
FN:227,userDisownPublicRecipeSaga
FN:227,userDisownPublicRecipeSaga$
FN:251,userEditRecipeSaga
FN:251,userEditRecipeSaga$
FNF:8
FNH:8
FNDA:3,userCreateNewRecipeSaga
FNDA:35,userCreateNewRecipeSaga$
FNDA:3,userDeletePrivateRecipeSaga
FNDA:15,userDeletePrivateRecipeSaga$
FNDA:3,userDisownPublicRecipeSaga
FNDA:15,userDisownPublicRecipeSaga$
FNDA:3,userEditRecipeSaga
FNDA:35,userEditRecipeSaga$
DA:1,1
DA:2,1
DA:4,1
DA:7,1
DA:8,1
DA:31,1
DA:33,176
DA:61,3
DA:67,2
DA:73,2
DA:79,2
DA:85,2
DA:87,0
DA:92,2
DA:98,2
DA:104,2
DA:106,0
DA:111,2
DA:117,2
DA:123,2
DA:125,0
DA:130,2
DA:136,2
DA:142,2
DA:144,0
DA:147,2
DA:171,2
DA:175,1
DA:177,0
DA:181,1
DA:183,0
DA:186,2
DA:187,2
DA:190,1
DA:194,0
DA:198,1
DA:199,1
DA:203,68
DA:205,3
DA:210,2
DA:212,1
DA:214,1
DA:216,2
DA:217,2
DA:219,1
DA:222,1
DA:223,1
DA:227,68
DA:229,3
DA:234,2
DA:236,1
DA:238,1
DA:240,2
DA:241,2
DA:243,1
DA:246,1
DA:247,1
DA:251,176
DA:285,3
DA:291,2
DA:297,2
DA:303,2
DA:309,2
DA:311,0
DA:316,2
DA:322,2
DA:328,2
DA:330,0
DA:335,2
DA:341,2
DA:347,2
DA:349,0
DA:354,2
DA:360,2
DA:366,2
DA:368,0
DA:371,2
DA:400,2
DA:404,1
DA:406,0
DA:410,1
DA:412,0
DA:415,2
DA:416,2
DA:419,1
DA:423,0
DA:427,1
DA:428,1
LF:88
LH:74
BRDA:33,0,0,3
BRDA:33,0,1,2
BRDA:33,0,2,2
BRDA:33,0,3,2
BRDA:33,0,4,2
BRDA:33,0,5,0
BRDA:33,0,6,2
BRDA:33,0,7,2
BRDA:33,0,8,2
BRDA:33,0,9,0
BRDA:33,0,10,2
BRDA:33,0,11,2
BRDA:33,0,12,2
BRDA:33,0,13,0
BRDA:33,0,14,2
BRDA:33,0,15,2
BRDA:33,0,16,2
BRDA:33,0,17,0
BRDA:33,0,18,2
BRDA:33,0,19,2
BRDA:33,0,20,1
BRDA:33,0,21,0
BRDA:33,0,22,1
BRDA:33,0,23,1
BRDA:33,0,24,1
BRDA:33,0,25,0
BRDA:33,0,26,2
BRDA:33,0,27,2
BRDA:33,0,28,2
BRDA:33,0,29,1
BRDA:33,0,30,1
BRDA:33,0,31,0
BRDA:33,0,32,1
BRDA:33,0,33,1
BRDA:33,0,34,3
BRDA:33,0,35,3
BRDA:33,1,0,1
BRDA:33,1,1,13
BRDA:60,2,0,3
BRDA:60,2,1,3
BRDA:60,2,2,3
BRDA:203,3,0,3
BRDA:203,3,1,2
BRDA:203,3,2,1
BRDA:203,3,3,1
BRDA:203,3,4,2
BRDA:203,3,5,2
BRDA:203,3,6,2
BRDA:203,3,7,1
BRDA:203,3,8,1
BRDA:203,3,9,1
BRDA:203,3,10,3
BRDA:203,3,11,3
BRDA:203,4,0,1
BRDA:203,4,1,1
BRDA:227,5,0,3
BRDA:227,5,1,2
BRDA:227,5,2,1
BRDA:227,5,3,1
BRDA:227,5,4,2
BRDA:227,5,5,2
BRDA:227,5,6,2
BRDA:227,5,7,1
BRDA:227,5,8,1
BRDA:227,5,9,1
BRDA:227,5,10,3
BRDA:227,5,11,3
BRDA:227,6,0,1
BRDA:227,6,1,1
BRDA:251,7,0,3
BRDA:251,7,1,2
BRDA:251,7,2,2
BRDA:251,7,3,2
BRDA:251,7,4,2
BRDA:251,7,5,0
BRDA:251,7,6,2
BRDA:251,7,7,2
BRDA:251,7,8,2
BRDA:251,7,9,0
BRDA:251,7,10,2
BRDA:251,7,11,2
BRDA:251,7,12,2
BRDA:251,7,13,0
BRDA:251,7,14,2
BRDA:251,7,15,2
BRDA:251,7,16,2
BRDA:251,7,17,0
BRDA:251,7,18,2
BRDA:251,7,19,2
BRDA:251,7,20,1
BRDA:251,7,21,0
BRDA:251,7,22,1
BRDA:251,7,23,1
BRDA:251,7,24,1
BRDA:251,7,25,0
BRDA:251,7,26,2
BRDA:251,7,27,2
BRDA:251,7,28,2
BRDA:251,7,29,1
BRDA:251,7,30,1
BRDA:251,7,31,0
BRDA:251,7,32,1
BRDA:251,7,33,1
BRDA:251,7,34,3
BRDA:251,7,35,3
BRDA:251,8,0,1
BRDA:251,8,1,13
BRDA:283,9,0,3
BRDA:283,9,1,3
BRDA:283,9,2,3
BRF:110
BRH:96
end_of_record
TN:
SF:src\store\user\recipe\types.ts
FNF:0
FNH:0
DA:1,8
DA:2,8
DA:3,8
DA:4,8
DA:5,8
DA:6,8
DA:7,8
DA:8,8
DA:9,8
DA:11,8
DA:12,8
DA:13,8
DA:14,8
DA:15,8
DA:16,8
DA:17,8
DA:18,8
DA:19,8
LF:18
LH:18
BRF:0
BRH:0
end_of_record
TN:
SF:src\store\user\save\actions.ts
FN:10,(anonymous_0)
FN:15,(anonymous_1)
FN:20,(anonymous_2)
FN:25,(anonymous_3)
FN:30,(anonymous_4)
FN:35,(anonymous_5)
FNF:6
FNH:6
FNDA:2,(anonymous_0)
FNDA:4,(anonymous_1)
FNDA:6,(anonymous_2)
FNDA:2,(anonymous_3)
FNDA:4,(anonymous_4)
FNDA:6,(anonymous_5)
DA:1,5
DA:10,5
DA:15,5
DA:20,6
DA:25,5
DA:30,5
DA:35,6
LF:7
LH:7
BRF:0
BRH:0
end_of_record
TN:
SF:src\store\user\save\sagas.ts
FN:18,userSaveRecipeSaga
FN:18,userSaveRecipeSaga$
FN:41,userUnsaveRecipeSaga
FN:41,userUnsaveRecipeSaga$
FNF:4
FNH:4
FNDA:3,userSaveRecipeSaga
FNDA:15,userSaveRecipeSaga$
FNDA:3,userUnsaveRecipeSaga
FNDA:15,userUnsaveRecipeSaga$
DA:1,1
DA:2,1
DA:4,1
DA:7,1
DA:8,1
DA:16,1
DA:18,68
DA:20,3
DA:26,2
DA:28,1
DA:30,1
DA:32,2
DA:33,2
DA:35,1
DA:36,1
DA:37,1
DA:41,68
DA:43,3
DA:48,2
DA:50,1
DA:52,1
DA:54,2
DA:55,2
DA:57,1
DA:58,1
DA:59,1
LF:26
LH:26
BRDA:18,0,0,3
BRDA:18,0,1,2
BRDA:18,0,2,1
BRDA:18,0,3,1
BRDA:18,0,4,2
BRDA:18,0,5,2
BRDA:18,0,6,2
BRDA:18,0,7,1
BRDA:18,0,8,1
BRDA:18,0,9,1
BRDA:18,0,10,3
BRDA:18,0,11,3
BRDA:18,1,0,1
BRDA:18,1,1,1
BRDA:41,2,0,3
BRDA:41,2,1,2
BRDA:41,2,2,1
BRDA:41,2,3,1
BRDA:41,2,4,2
BRDA:41,2,5,2
BRDA:41,2,6,2
BRDA:41,2,7,1
BRDA:41,2,8,1
BRDA:41,2,9,1
BRDA:41,2,10,3
BRDA:41,2,11,3
BRDA:41,3,0,1
BRDA:41,3,1,1
BRF:28
BRH:28
end_of_record
TN:
SF:src\store\user\save\types.ts
FNF:0
FNH:0
DA:1,8
DA:2,8
DA:3,8
DA:4,8
DA:5,8
DA:6,8
LF:6
LH:6
BRF:0
BRH:0
end_of_record
TN:
SF:src\utils\storageHelpers.ts
FN:3,getStorageItem
FN:9,setStorageItem
FN:13,removeStorageItem
FN:17,clearStorage
FN:21,loadFromLocalStorage
FN:32,saveToLocalStorage
FNF:6
FNH:0
FNDA:0,getStorageItem
FNDA:0,setStorageItem
FNDA:0,removeStorageItem
FNDA:0,clearStorage
FNDA:0,loadFromLocalStorage
FNDA:0,saveToLocalStorage
DA:3,1
DA:4,0
DA:5,0
DA:6,0
DA:9,1
DA:10,0
DA:13,1
DA:14,0
DA:17,1
DA:18,0
DA:21,1
DA:22,0
DA:23,0
DA:24,0
DA:25,0
DA:27,0
DA:28,0
DA:32,1
DA:33,0
DA:34,0
DA:36,0
LF:21
LH:6
BRDA:5,0,0,0
BRDA:5,0,1,0
BRDA:24,1,0,0
BRDA:24,1,1,0
BRF:4
BRH:0
end_of_record
TN:
SF:src\utils\imageCropPreviews\imageCropPreviews.ts
FN:3,getCroppedImage
FN:31,(anonymous_10)
FN:32,(anonymous_11)
FN:40,(anonymous_12)
FN:41,(anonymous_13)
FNF:5
FNH:0
FNDA:0,getCroppedImage
FNDA:0,(anonymous_10)
FNDA:0,(anonymous_11)
FNDA:0,(anonymous_12)
FNDA:0,(anonymous_13)
DA:3,6
DA:14,0
DA:15,0
DA:19,0
DA:31,0
DA:32,0
DA:33,0
DA:35,0
DA:36,0
DA:40,0
DA:41,0
DA:42,0
DA:44,0
DA:45,0
LF:14
LH:1
BRDA:10,0,0,0
BRDA:10,0,1,0
BRDA:10,0,2,0
BRDA:10,0,3,0
BRDA:33,1,0,0
BRDA:33,1,1,0
BRDA:42,2,0,0
BRDA:42,2,1,0
BRF:8
BRH:0
end_of_record
